{"/home/melisa/Desktop/Hactiv8-Batch18/fase3/final/Final-Project/server/app.js": {"path":"/home/melisa/Desktop/Hactiv8-Batch18/fase3/final/Final-Project/server/app.js","statementMap":{"0":{"start":{"line":1,"column":0},"end":{"line":3,"column":1}},"1":{"start":{"line":2,"column":4},"end":{"line":2,"column":31}},"2":{"start":{"line":4,"column":16},"end":{"line":4,"column":34}},"3":{"start":{"line":5,"column":12},"end":{"line":5,"column":21}},"4":{"start":{"line":6,"column":15},"end":{"line":6,"column":32}},"5":{"start":{"line":7,"column":13},"end":{"line":7,"column":28}},"6":{"start":{"line":8,"column":14},"end":{"line":8,"column":33}},"7":{"start":{"line":10,"column":0},"end":{"line":10,"column":15}},"8":{"start":{"line":11,"column":0},"end":{"line":11,"column":23}},"9":{"start":{"line":12,"column":0},"end":{"line":12,"column":34}},"10":{"start":{"line":13,"column":0},"end":{"line":13,"column":24}},"11":{"start":{"line":14,"column":0},"end":{"line":14,"column":49}},"12":{"start":{"line":16,"column":0},"end":{"line":16,"column":20}},"13":{"start":{"line":18,"column":0},"end":{"line":18,"column":20}}},"fnMap":{},"branchMap":{"0":{"loc":{"start":{"line":1,"column":0},"end":{"line":3,"column":1}},"type":"if","locations":[{"start":{"line":1,"column":0},"end":{"line":3,"column":1}},{"start":{},"end":{}}],"line":1}},"s":{"0":2,"1":2,"2":2,"3":2,"4":2,"5":2,"6":2,"7":2,"8":2,"9":2,"10":2,"11":2,"12":2,"13":2},"f":{},"b":{"0":[2,0]},"_coverageSchema":"1a1c01bbd47fc00a2c39e90264f33305004495a9","hash":"5cf2e98fe01369c88d9e0c79783ac785d9cc6f25"}
,"/home/melisa/Desktop/Hactiv8-Batch18/fase3/final/Final-Project/server/apis/midtransController.js": {"path":"/home/melisa/Desktop/Hactiv8-Batch18/fase3/final/Final-Project/server/apis/midtransController.js","statementMap":{"0":{"start":{"line":1,"column":38},"end":{"line":1,"column":58}},"1":{"start":{"line":2,"column":14},"end":{"line":2,"column":30}},"2":{"start":{"line":4,"column":25},"end":{"line":4,"column":59}},"3":{"start":{"line":6,"column":25},"end":{"line":44,"column":1}},"4":{"start":{"line":8,"column":4},"end":{"line":43,"column":5}},"5":{"start":{"line":10,"column":28},"end":{"line":10,"column":92}},"6":{"start":{"line":12,"column":24},"end":{"line":16,"column":9}},"7":{"start":{"line":18,"column":8},"end":{"line":18,"column":74}},"8":{"start":{"line":20,"column":26},"end":{"line":25,"column":11}},"9":{"start":{"line":27,"column":25},"end":{"line":33,"column":9}},"10":{"start":{"line":35,"column":27},"end":{"line":35,"column":40}},"11":{"start":{"line":37,"column":8},"end":{"line":39,"column":10}},"12":{"start":{"line":42,"column":8},"end":{"line":42,"column":19}},"13":{"start":{"line":46,"column":33},"end":{"line":127,"column":1}},"14":{"start":{"line":48,"column":4},"end":{"line":126,"column":5}},"15":{"start":{"line":50,"column":28},"end":{"line":50,"column":38}},"16":{"start":{"line":52,"column":8},"end":{"line":52,"column":61}},"17":{"start":{"line":52,"column":22},"end":{"line":52,"column":61}},"18":{"start":{"line":54,"column":32},"end":{"line":58,"column":10}},"19":{"start":{"line":60,"column":8},"end":{"line":60,"column":69}},"20":{"start":{"line":60,"column":30},"end":{"line":60,"column":69}},"21":{"start":{"line":62,"column":26},"end":{"line":62,"column":90}},"22":{"start":{"line":64,"column":24},"end":{"line":68,"column":9}},"23":{"start":{"line":70,"column":25},"end":{"line":75,"column":9}},"24":{"start":{"line":77,"column":23},"end":{"line":77,"column":36}},"25":{"start":{"line":80,"column":8},"end":{"line":82,"column":9}},"26":{"start":{"line":81,"column":12},"end":{"line":81,"column":32}},"27":{"start":{"line":84,"column":8},"end":{"line":91,"column":9}},"28":{"start":{"line":87,"column":12},"end":{"line":87,"column":32}},"29":{"start":{"line":88,"column":15},"end":{"line":91,"column":9}},"30":{"start":{"line":90,"column":12},"end":{"line":90,"column":30}},"31":{"start":{"line":93,"column":8},"end":{"line":93,"column":58}},"32":{"start":{"line":93,"column":24},"end":{"line":93,"column":58}},"33":{"start":{"line":95,"column":8},"end":{"line":104,"column":9}},"34":{"start":{"line":106,"column":31},"end":{"line":115,"column":10}},"35":{"start":{"line":117,"column":23},"end":{"line":117,"column":40}},"36":{"start":{"line":119,"column":8},"end":{"line":121,"column":10}},"37":{"start":{"line":124,"column":8},"end":{"line":124,"column":26}},"38":{"start":{"line":125,"column":8},"end":{"line":125,"column":19}},"39":{"start":{"line":129,"column":0},"end":{"line":132,"column":1}}},"fnMap":{"0":{"name":"(anonymous_0)","decl":{"start":{"line":6,"column":25},"end":{"line":6,"column":26}},"loc":{"start":{"line":6,"column":51},"end":{"line":44,"column":1}},"line":6},"1":{"name":"(anonymous_1)","decl":{"start":{"line":46,"column":33},"end":{"line":46,"column":34}},"loc":{"start":{"line":46,"column":59},"end":{"line":127,"column":1}},"line":46}},"branchMap":{"0":{"loc":{"start":{"line":52,"column":8},"end":{"line":52,"column":61}},"type":"if","locations":[{"start":{"line":52,"column":8},"end":{"line":52,"column":61}},{"start":{},"end":{}}],"line":52},"1":{"loc":{"start":{"line":60,"column":8},"end":{"line":60,"column":69}},"type":"if","locations":[{"start":{"line":60,"column":8},"end":{"line":60,"column":69}},{"start":{},"end":{}}],"line":60},"2":{"loc":{"start":{"line":80,"column":8},"end":{"line":82,"column":9}},"type":"if","locations":[{"start":{"line":80,"column":8},"end":{"line":82,"column":9}},{"start":{},"end":{}}],"line":80},"3":{"loc":{"start":{"line":84,"column":8},"end":{"line":91,"column":9}},"type":"if","locations":[{"start":{"line":84,"column":8},"end":{"line":91,"column":9}},{"start":{"line":88,"column":15},"end":{"line":91,"column":9}}],"line":84},"4":{"loc":{"start":{"line":84,"column":12},"end":{"line":86,"column":48}},"type":"binary-expr","locations":[{"start":{"line":84,"column":12},"end":{"line":84,"column":50}},{"start":{"line":85,"column":12},"end":{"line":85,"column":50}},{"start":{"line":86,"column":12},"end":{"line":86,"column":48}}],"line":84},"5":{"loc":{"start":{"line":88,"column":15},"end":{"line":91,"column":9}},"type":"if","locations":[{"start":{"line":88,"column":15},"end":{"line":91,"column":9}},{"start":{},"end":{}}],"line":88},"6":{"loc":{"start":{"line":88,"column":20},"end":{"line":89,"column":59}},"type":"binary-expr","locations":[{"start":{"line":88,"column":20},"end":{"line":88,"column":62}},{"start":{"line":89,"column":20},"end":{"line":89,"column":59}}],"line":88},"7":{"loc":{"start":{"line":93,"column":8},"end":{"line":93,"column":58}},"type":"if","locations":[{"start":{"line":93,"column":8},"end":{"line":93,"column":58}},{"start":{},"end":{}}],"line":93}},"s":{"0":2,"1":2,"2":2,"3":2,"4":0,"5":0,"6":0,"7":0,"8":0,"9":0,"10":0,"11":0,"12":0,"13":2,"14":0,"15":0,"16":0,"17":0,"18":0,"19":0,"20":0,"21":0,"22":0,"23":0,"24":0,"25":0,"26":0,"27":0,"28":0,"29":0,"30":0,"31":0,"32":0,"33":0,"34":0,"35":0,"36":0,"37":0,"38":0,"39":2},"f":{"0":0,"1":0},"b":{"0":[0,0],"1":[0,0],"2":[0,0],"3":[0,0],"4":[0,0,0],"5":[0,0],"6":[0,0],"7":[0,0]},"_coverageSchema":"1a1c01bbd47fc00a2c39e90264f33305004495a9","hash":"b0d854f19ba380095ef36b4ecb8fe66cf3bc1eae"}
,"/home/melisa/Desktop/Hactiv8-Batch18/fase3/final/Final-Project/server/controllers/clientCart.js": {"path":"/home/melisa/Desktop/Hactiv8-Batch18/fase3/final/Final-Project/server/controllers/clientCart.js","statementMap":{"0":{"start":{"line":1,"column":34},"end":{"line":1,"column":54}},"1":{"start":{"line":3,"column":0},"end":{"line":37,"column":1}},"2":{"start":{"line":5,"column":26},"end":{"line":19,"column":3}},"3":{"start":{"line":6,"column":14},"end":{"line":6,"column":43}},"4":{"start":{"line":7,"column":4},"end":{"line":18,"column":5}},"5":{"start":{"line":8,"column":20},"end":{"line":8,"column":31}},"6":{"start":{"line":9,"column":26},"end":{"line":9,"column":36}},"7":{"start":{"line":10,"column":21},"end":{"line":10,"column":30}},"8":{"start":{"line":11,"column":20},"end":{"line":11,"column":46}},"9":{"start":{"line":12,"column":21},"end":{"line":12,"column":70}},"10":{"start":{"line":13,"column":6},"end":{"line":13,"column":34}},"11":{"start":{"line":14,"column":6},"end":{"line":14,"column":22}},"12":{"start":{"line":16,"column":6},"end":{"line":16,"column":16}},"13":{"start":{"line":17,"column":6},"end":{"line":17,"column":24}},"14":{"start":{"line":21,"column":28},"end":{"line":36,"column":3}},"15":{"start":{"line":22,"column":17},"end":{"line":22,"column":27}},"16":{"start":{"line":23,"column":14},"end":{"line":23,"column":43}},"17":{"start":{"line":24,"column":4},"end":{"line":35,"column":5}},"18":{"start":{"line":25,"column":19},"end":{"line":25,"column":50}},"19":{"start":{"line":26,"column":6},"end":{"line":28,"column":7}},"20":{"start":{"line":27,"column":8},"end":{"line":27,"column":39}},"21":{"start":{"line":29,"column":21},"end":{"line":29,"column":79}},"22":{"start":{"line":30,"column":6},"end":{"line":30,"column":22}},"23":{"start":{"line":31,"column":6},"end":{"line":31,"column":63}},"24":{"start":{"line":33,"column":6},"end":{"line":33,"column":24}},"25":{"start":{"line":34,"column":6},"end":{"line":34,"column":15}}},"fnMap":{"0":{"name":"(anonymous_0)","decl":{"start":{"line":5,"column":26},"end":{"line":5,"column":27}},"loc":{"start":{"line":5,"column":50},"end":{"line":19,"column":3}},"line":5},"1":{"name":"(anonymous_1)","decl":{"start":{"line":21,"column":28},"end":{"line":21,"column":29}},"loc":{"start":{"line":21,"column":51},"end":{"line":36,"column":3}},"line":21}},"branchMap":{"0":{"loc":{"start":{"line":26,"column":6},"end":{"line":28,"column":7}},"type":"if","locations":[{"start":{"line":26,"column":6},"end":{"line":28,"column":7}},{"start":{},"end":{}}],"line":26}},"s":{"0":2,"1":2,"2":2,"3":0,"4":0,"5":0,"6":0,"7":0,"8":0,"9":0,"10":0,"11":0,"12":0,"13":0,"14":2,"15":0,"16":0,"17":0,"18":0,"19":0,"20":0,"21":0,"22":0,"23":0,"24":0,"25":0},"f":{"0":0,"1":0},"b":{"0":[0,0]},"_coverageSchema":"1a1c01bbd47fc00a2c39e90264f33305004495a9","hash":"88ddcb1472d9773833e6a8fe4513b3e9bb0afa17"}
,"/home/melisa/Desktop/Hactiv8-Batch18/fase3/final/Final-Project/server/controllers/clientController.js": {"path":"/home/melisa/Desktop/Hactiv8-Batch18/fase3/final/Final-Project/server/controllers/clientController.js","statementMap":{"0":{"start":{"line":1,"column":26},"end":{"line":1,"column":52}},"1":{"start":{"line":2,"column":22},"end":{"line":2,"column":42}},"2":{"start":{"line":3,"column":24},"end":{"line":3,"column":52}},"3":{"start":{"line":4,"column":21},"end":{"line":4,"column":46}},"4":{"start":{"line":5,"column":15},"end":{"line":5,"column":35}},"5":{"start":{"line":7,"column":23},"end":{"line":37,"column":1}},"6":{"start":{"line":8,"column":24},"end":{"line":8,"column":53}},"7":{"start":{"line":10,"column":4},"end":{"line":36,"column":5}},"8":{"start":{"line":11,"column":102},"end":{"line":11,"column":110}},"9":{"start":{"line":12,"column":24},"end":{"line":12,"column":97}},"10":{"start":{"line":14,"column":8},"end":{"line":14,"column":54}},"11":{"start":{"line":14,"column":22},"end":{"line":14,"column":54}},"12":{"start":{"line":16,"column":27},"end":{"line":24,"column":27}},"13":{"start":{"line":26,"column":8},"end":{"line":26,"column":35}},"14":{"start":{"line":27,"column":8},"end":{"line":31,"column":11}},"15":{"start":{"line":33,"column":8},"end":{"line":33,"column":26}},"16":{"start":{"line":34,"column":8},"end":{"line":34,"column":20}},"17":{"start":{"line":35,"column":8},"end":{"line":35,"column":36}},"18":{"start":{"line":39,"column":20},"end":{"line":69,"column":1}},"19":{"start":{"line":40,"column":4},"end":{"line":68,"column":5}},"20":{"start":{"line":41,"column":37},"end":{"line":41,"column":45}},"21":{"start":{"line":42,"column":8},"end":{"line":47,"column":9}},"22":{"start":{"line":43,"column":12},"end":{"line":46,"column":14}},"23":{"start":{"line":48,"column":25},"end":{"line":52,"column":10}},"24":{"start":{"line":54,"column":8},"end":{"line":54,"column":55}},"25":{"start":{"line":54,"column":23},"end":{"line":54,"column":55}},"26":{"start":{"line":56,"column":26},"end":{"line":56,"column":66}},"27":{"start":{"line":58,"column":8},"end":{"line":58,"column":56}},"28":{"start":{"line":58,"column":24},"end":{"line":58,"column":56}},"29":{"start":{"line":60,"column":24},"end":{"line":60,"column":66}},"30":{"start":{"line":62,"column":29},"end":{"line":62,"column":46}},"31":{"start":{"line":64,"column":8},"end":{"line":64,"column":45}},"32":{"start":{"line":66,"column":8},"end":{"line":66,"column":27}},"33":{"start":{"line":67,"column":8},"end":{"line":67,"column":20}},"34":{"start":{"line":71,"column":22},"end":{"line":97,"column":1}},"35":{"start":{"line":72,"column":4},"end":{"line":96,"column":5}},"36":{"start":{"line":74,"column":25},"end":{"line":89,"column":10}},"37":{"start":{"line":90,"column":8},"end":{"line":90,"column":55}},"38":{"start":{"line":91,"column":8},"end":{"line":91,"column":50}},"39":{"start":{"line":91,"column":23},"end":{"line":91,"column":50}},"40":{"start":{"line":93,"column":8},"end":{"line":93,"column":41}},"41":{"start":{"line":95,"column":8},"end":{"line":95,"column":20}},"42":{"start":{"line":99,"column":28},"end":{"line":153,"column":1}},"43":{"start":{"line":101,"column":24},"end":{"line":101,"column":53}},"44":{"start":{"line":103,"column":4},"end":{"line":152,"column":5}},"45":{"start":{"line":104,"column":25},"end":{"line":119,"column":10}},"46":{"start":{"line":121,"column":8},"end":{"line":121,"column":50}},"47":{"start":{"line":121,"column":23},"end":{"line":121,"column":50}},"48":{"start":{"line":123,"column":102},"end":{"line":123,"column":110}},"49":{"start":{"line":125,"column":27},"end":{"line":129,"column":10}},"50":{"start":{"line":131,"column":30},"end":{"line":143,"column":10}},"51":{"start":{"line":145,"column":28},"end":{"line":145,"column":52}},"52":{"start":{"line":147,"column":8},"end":{"line":147,"column":35}},"53":{"start":{"line":148,"column":8},"end":{"line":148,"column":44}},"54":{"start":{"line":150,"column":8},"end":{"line":150,"column":20}},"55":{"start":{"line":151,"column":8},"end":{"line":151,"column":36}},"56":{"start":{"line":155,"column":26},"end":{"line":182,"column":1}},"57":{"start":{"line":156,"column":4},"end":{"line":181,"column":5}},"58":{"start":{"line":158,"column":29},"end":{"line":173,"column":6}},"59":{"start":{"line":174,"column":4},"end":{"line":177,"column":5}},"60":{"start":{"line":175,"column":8},"end":{"line":175,"column":34}},"61":{"start":{"line":176,"column":8},"end":{"line":176,"column":61}},"62":{"start":{"line":178,"column":4},"end":{"line":178,"column":40}},"63":{"start":{"line":180,"column":8},"end":{"line":180,"column":19}},"64":{"start":{"line":184,"column":27},"end":{"line":219,"column":1}},"65":{"start":{"line":186,"column":4},"end":{"line":218,"column":5}},"66":{"start":{"line":188,"column":29},"end":{"line":188,"column":39}},"67":{"start":{"line":190,"column":8},"end":{"line":190,"column":49}},"68":{"start":{"line":190,"column":23},"end":{"line":190,"column":49}},"69":{"start":{"line":192,"column":33},"end":{"line":210,"column":10}},"70":{"start":{"line":212,"column":8},"end":{"line":212,"column":57}},"71":{"start":{"line":212,"column":31},"end":{"line":212,"column":57}},"72":{"start":{"line":214,"column":8},"end":{"line":214,"column":46}},"73":{"start":{"line":217,"column":8},"end":{"line":217,"column":19}},"74":{"start":{"line":221,"column":0},"end":{"line":228,"column":1}}},"fnMap":{"0":{"name":"(anonymous_0)","decl":{"start":{"line":7,"column":23},"end":{"line":7,"column":24}},"loc":{"start":{"line":7,"column":49},"end":{"line":37,"column":1}},"line":7},"1":{"name":"(anonymous_1)","decl":{"start":{"line":39,"column":20},"end":{"line":39,"column":21}},"loc":{"start":{"line":39,"column":46},"end":{"line":69,"column":1}},"line":39},"2":{"name":"(anonymous_2)","decl":{"start":{"line":71,"column":22},"end":{"line":71,"column":23}},"loc":{"start":{"line":71,"column":48},"end":{"line":97,"column":1}},"line":71},"3":{"name":"(anonymous_3)","decl":{"start":{"line":99,"column":28},"end":{"line":99,"column":29}},"loc":{"start":{"line":99,"column":54},"end":{"line":153,"column":1}},"line":99},"4":{"name":"(anonymous_4)","decl":{"start":{"line":155,"column":26},"end":{"line":155,"column":27}},"loc":{"start":{"line":155,"column":52},"end":{"line":182,"column":1}},"line":155},"5":{"name":"(anonymous_5)","decl":{"start":{"line":184,"column":27},"end":{"line":184,"column":28}},"loc":{"start":{"line":184,"column":53},"end":{"line":219,"column":1}},"line":184}},"branchMap":{"0":{"loc":{"start":{"line":14,"column":8},"end":{"line":14,"column":54}},"type":"if","locations":[{"start":{"line":14,"column":8},"end":{"line":14,"column":54}},{"start":{},"end":{}}],"line":14},"1":{"loc":{"start":{"line":42,"column":8},"end":{"line":47,"column":9}},"type":"if","locations":[{"start":{"line":42,"column":8},"end":{"line":47,"column":9}},{"start":{},"end":{}}],"line":42},"2":{"loc":{"start":{"line":42,"column":12},"end":{"line":42,"column":31}},"type":"binary-expr","locations":[{"start":{"line":42,"column":12},"end":{"line":42,"column":18}},{"start":{"line":42,"column":22},"end":{"line":42,"column":31}}],"line":42},"3":{"loc":{"start":{"line":54,"column":8},"end":{"line":54,"column":55}},"type":"if","locations":[{"start":{"line":54,"column":8},"end":{"line":54,"column":55}},{"start":{},"end":{}}],"line":54},"4":{"loc":{"start":{"line":58,"column":8},"end":{"line":58,"column":56}},"type":"if","locations":[{"start":{"line":58,"column":8},"end":{"line":58,"column":56}},{"start":{},"end":{}}],"line":58},"5":{"loc":{"start":{"line":91,"column":8},"end":{"line":91,"column":50}},"type":"if","locations":[{"start":{"line":91,"column":8},"end":{"line":91,"column":50}},{"start":{},"end":{}}],"line":91},"6":{"loc":{"start":{"line":121,"column":8},"end":{"line":121,"column":50}},"type":"if","locations":[{"start":{"line":121,"column":8},"end":{"line":121,"column":50}},{"start":{},"end":{}}],"line":121},"7":{"loc":{"start":{"line":174,"column":4},"end":{"line":177,"column":5}},"type":"if","locations":[{"start":{"line":174,"column":4},"end":{"line":177,"column":5}},{"start":{},"end":{}}],"line":174},"8":{"loc":{"start":{"line":190,"column":8},"end":{"line":190,"column":49}},"type":"if","locations":[{"start":{"line":190,"column":8},"end":{"line":190,"column":49}},{"start":{},"end":{}}],"line":190},"9":{"loc":{"start":{"line":212,"column":8},"end":{"line":212,"column":57}},"type":"if","locations":[{"start":{"line":212,"column":8},"end":{"line":212,"column":57}},{"start":{},"end":{}}],"line":212}},"s":{"0":2,"1":2,"2":2,"3":2,"4":2,"5":2,"6":16,"7":16,"8":16,"9":16,"10":11,"11":0,"12":11,"13":1,"14":1,"15":15,"16":15,"17":15,"18":2,"19":7,"20":7,"21":7,"22":4,"23":3,"24":3,"25":2,"26":1,"27":1,"28":0,"29":1,"30":1,"31":1,"32":6,"33":6,"34":2,"35":1,"36":1,"37":1,"38":1,"39":0,"40":1,"41":0,"42":2,"43":9,"44":9,"45":9,"46":9,"47":0,"48":9,"49":9,"50":6,"51":1,"52":1,"53":1,"54":8,"55":8,"56":2,"57":0,"58":0,"59":0,"60":0,"61":0,"62":0,"63":0,"64":2,"65":0,"66":0,"67":0,"68":0,"69":0,"70":0,"71":0,"72":0,"73":0,"74":2},"f":{"0":16,"1":7,"2":1,"3":9,"4":0,"5":0},"b":{"0":[0,11],"1":[4,3],"2":[7,5],"3":[2,1],"4":[0,1],"5":[0,1],"6":[0,9],"7":[0,0],"8":[0,0],"9":[0,0]},"_coverageSchema":"1a1c01bbd47fc00a2c39e90264f33305004495a9","hash":"af716ff99c15b989d29608bd7a29b8560176e378"}
,"/home/melisa/Desktop/Hactiv8-Batch18/fase3/final/Final-Project/server/controllers/cmsController.js": {"path":"/home/melisa/Desktop/Hactiv8-Batch18/fase3/final/Final-Project/server/controllers/cmsController.js","statementMap":{"0":{"start":{"line":1,"column":26},"end":{"line":1,"column":52}},"1":{"start":{"line":2,"column":22},"end":{"line":2,"column":42}},"2":{"start":{"line":3,"column":24},"end":{"line":3,"column":52}},"3":{"start":{"line":4,"column":21},"end":{"line":4,"column":46}},"4":{"start":{"line":6,"column":20},"end":{"line":36,"column":1}},"5":{"start":{"line":7,"column":24},"end":{"line":7,"column":53}},"6":{"start":{"line":9,"column":4},"end":{"line":35,"column":5}},"7":{"start":{"line":10,"column":102},"end":{"line":10,"column":110}},"8":{"start":{"line":11,"column":24},"end":{"line":11,"column":96}},"9":{"start":{"line":13,"column":8},"end":{"line":13,"column":54}},"10":{"start":{"line":13,"column":22},"end":{"line":13,"column":54}},"11":{"start":{"line":15,"column":27},"end":{"line":23,"column":27}},"12":{"start":{"line":25,"column":8},"end":{"line":25,"column":35}},"13":{"start":{"line":26,"column":8},"end":{"line":30,"column":11}},"14":{"start":{"line":32,"column":8},"end":{"line":32,"column":26}},"15":{"start":{"line":33,"column":8},"end":{"line":33,"column":20}},"16":{"start":{"line":34,"column":8},"end":{"line":34,"column":36}},"17":{"start":{"line":38,"column":17},"end":{"line":64,"column":1}},"18":{"start":{"line":39,"column":4},"end":{"line":63,"column":5}},"19":{"start":{"line":40,"column":37},"end":{"line":40,"column":45}},"20":{"start":{"line":42,"column":25},"end":{"line":46,"column":10}},"21":{"start":{"line":48,"column":8},"end":{"line":48,"column":55}},"22":{"start":{"line":48,"column":23},"end":{"line":48,"column":55}},"23":{"start":{"line":49,"column":8},"end":{"line":49,"column":65}},"24":{"start":{"line":49,"column":38},"end":{"line":49,"column":65}},"25":{"start":{"line":51,"column":26},"end":{"line":51,"column":66}},"26":{"start":{"line":53,"column":8},"end":{"line":53,"column":56}},"27":{"start":{"line":53,"column":24},"end":{"line":53,"column":56}},"28":{"start":{"line":55,"column":24},"end":{"line":55,"column":66}},"29":{"start":{"line":57,"column":29},"end":{"line":57,"column":46}},"30":{"start":{"line":59,"column":8},"end":{"line":59,"column":45}},"31":{"start":{"line":61,"column":8},"end":{"line":61,"column":26}},"32":{"start":{"line":62,"column":8},"end":{"line":62,"column":20}},"33":{"start":{"line":66,"column":0},"end":{"line":69,"column":1}}},"fnMap":{"0":{"name":"(anonymous_0)","decl":{"start":{"line":6,"column":20},"end":{"line":6,"column":21}},"loc":{"start":{"line":6,"column":46},"end":{"line":36,"column":1}},"line":6},"1":{"name":"(anonymous_1)","decl":{"start":{"line":38,"column":17},"end":{"line":38,"column":18}},"loc":{"start":{"line":38,"column":43},"end":{"line":64,"column":1}},"line":38}},"branchMap":{"0":{"loc":{"start":{"line":13,"column":8},"end":{"line":13,"column":54}},"type":"if","locations":[{"start":{"line":13,"column":8},"end":{"line":13,"column":54}},{"start":{},"end":{}}],"line":13},"1":{"loc":{"start":{"line":48,"column":8},"end":{"line":48,"column":55}},"type":"if","locations":[{"start":{"line":48,"column":8},"end":{"line":48,"column":55}},{"start":{},"end":{}}],"line":48},"2":{"loc":{"start":{"line":49,"column":8},"end":{"line":49,"column":65}},"type":"if","locations":[{"start":{"line":49,"column":8},"end":{"line":49,"column":65}},{"start":{},"end":{}}],"line":49},"3":{"loc":{"start":{"line":53,"column":8},"end":{"line":53,"column":56}},"type":"if","locations":[{"start":{"line":53,"column":8},"end":{"line":53,"column":56}},{"start":{},"end":{}}],"line":53}},"s":{"0":2,"1":2,"2":2,"3":2,"4":2,"5":0,"6":0,"7":0,"8":0,"9":0,"10":0,"11":0,"12":0,"13":0,"14":0,"15":0,"16":0,"17":2,"18":0,"19":0,"20":0,"21":0,"22":0,"23":0,"24":0,"25":0,"26":0,"27":0,"28":0,"29":0,"30":0,"31":0,"32":0,"33":2},"f":{"0":0,"1":0},"b":{"0":[0,0],"1":[0,0],"2":[0,0],"3":[0,0]},"_coverageSchema":"1a1c01bbd47fc00a2c39e90264f33305004495a9","hash":"4aabbc0ea77368f1f17d1c97961c6f05a8ca3ab7"}
,"/home/melisa/Desktop/Hactiv8-Batch18/fase3/final/Final-Project/server/controllers/doctorController.js": {"path":"/home/melisa/Desktop/Hactiv8-Batch18/fase3/final/Final-Project/server/controllers/doctorController.js","statementMap":{"0":{"start":{"line":5,"column":45},"end":{"line":5,"column":65}},"1":{"start":{"line":6,"column":12},"end":{"line":6,"column":26}},"2":{"start":{"line":12,"column":25},"end":{"line":12,"column":33}},"3":{"start":{"line":13,"column":4},"end":{"line":13,"column":20}},"4":{"start":{"line":14,"column":20},"end":{"line":14,"column":22}},"5":{"start":{"line":15,"column":4},"end":{"line":17,"column":5}},"6":{"start":{"line":16,"column":6},"end":{"line":16,"column":23}},"7":{"start":{"line":18,"column":4},"end":{"line":18,"column":24}},"8":{"start":{"line":19,"column":4},"end":{"line":39,"column":5}},"9":{"start":{"line":20,"column":24},"end":{"line":34,"column":8}},"10":{"start":{"line":35,"column":6},"end":{"line":35,"column":37}},"11":{"start":{"line":37,"column":6},"end":{"line":37,"column":22}},"12":{"start":{"line":38,"column":6},"end":{"line":38,"column":16}},"13":{"start":{"line":52,"column":48},"end":{"line":52,"column":56}},"14":{"start":{"line":53,"column":4},"end":{"line":53,"column":62}},"15":{"start":{"line":53,"column":27},"end":{"line":53,"column":62}},"16":{"start":{"line":54,"column":4},"end":{"line":70,"column":5}},"17":{"start":{"line":55,"column":20},"end":{"line":60,"column":7}},"18":{"start":{"line":61,"column":21},"end":{"line":61,"column":48}},"19":{"start":{"line":62,"column":6},"end":{"line":62,"column":55}},"20":{"start":{"line":62,"column":19},"end":{"line":62,"column":55}},"21":{"start":{"line":63,"column":6},"end":{"line":66,"column":9}},"22":{"start":{"line":68,"column":6},"end":{"line":68,"column":24}},"23":{"start":{"line":69,"column":6},"end":{"line":69,"column":17}},"24":{"start":{"line":74,"column":0},"end":{"line":74,"column":33}}},"fnMap":{"0":{"name":"(anonymous_0)","decl":{"start":{"line":9,"column":2},"end":{"line":9,"column":3}},"loc":{"start":{"line":9,"column":44},"end":{"line":40,"column":3}},"line":9},"1":{"name":"(anonymous_1)","decl":{"start":{"line":41,"column":2},"end":{"line":41,"column":3}},"loc":{"start":{"line":41,"column":43},"end":{"line":43,"column":3}},"line":41},"2":{"name":"(anonymous_2)","decl":{"start":{"line":44,"column":2},"end":{"line":44,"column":3}},"loc":{"start":{"line":44,"column":44},"end":{"line":46,"column":3}},"line":44},"3":{"name":"(anonymous_3)","decl":{"start":{"line":47,"column":2},"end":{"line":47,"column":3}},"loc":{"start":{"line":47,"column":46},"end":{"line":49,"column":3}},"line":47},"4":{"name":"(anonymous_4)","decl":{"start":{"line":50,"column":2},"end":{"line":50,"column":3}},"loc":{"start":{"line":50,"column":44},"end":{"line":71,"column":3}},"line":50}},"branchMap":{"0":{"loc":{"start":{"line":15,"column":4},"end":{"line":17,"column":5}},"type":"if","locations":[{"start":{"line":15,"column":4},"end":{"line":17,"column":5}},{"start":{},"end":{}}],"line":15},"1":{"loc":{"start":{"line":53,"column":4},"end":{"line":53,"column":62}},"type":"if","locations":[{"start":{"line":53,"column":4},"end":{"line":53,"column":62}},{"start":{},"end":{}}],"line":53},"2":{"loc":{"start":{"line":62,"column":6},"end":{"line":62,"column":55}},"type":"if","locations":[{"start":{"line":62,"column":6},"end":{"line":62,"column":55}},{"start":{},"end":{}}],"line":62}},"s":{"0":2,"1":2,"2":0,"3":0,"4":0,"5":0,"6":0,"7":0,"8":0,"9":0,"10":0,"11":0,"12":0,"13":0,"14":0,"15":0,"16":0,"17":0,"18":0,"19":0,"20":0,"21":0,"22":0,"23":0,"24":2},"f":{"0":0,"1":0,"2":0,"3":0,"4":0},"b":{"0":[0,0],"1":[0,0],"2":[0,0]},"_coverageSchema":"1a1c01bbd47fc00a2c39e90264f33305004495a9","hash":"b5374b1796baabb62a2ec7f06d41be8783f135db"}
,"/home/melisa/Desktop/Hactiv8-Batch18/fase3/final/Final-Project/server/controllers/productController.js": {"path":"/home/melisa/Desktop/Hactiv8-Batch18/fase3/final/Final-Project/server/controllers/productController.js","statementMap":{"0":{"start":{"line":1,"column":44},"end":{"line":1,"column":64}},"1":{"start":{"line":3,"column":0},"end":{"line":195,"column":1}},"2":{"start":{"line":5,"column":23},"end":{"line":19,"column":3}},"3":{"start":{"line":6,"column":14},"end":{"line":6,"column":43}},"4":{"start":{"line":7,"column":4},"end":{"line":18,"column":5}},"5":{"start":{"line":8,"column":28},"end":{"line":8,"column":36}},"6":{"start":{"line":9,"column":20},"end":{"line":9,"column":33}},"7":{"start":{"line":10,"column":21},"end":{"line":10,"column":66}},"8":{"start":{"line":11,"column":6},"end":{"line":11,"column":34}},"9":{"start":{"line":12,"column":6},"end":{"line":12,"column":22}},"10":{"start":{"line":15,"column":6},"end":{"line":15,"column":16}},"11":{"start":{"line":16,"column":6},"end":{"line":16,"column":24}},"12":{"start":{"line":21,"column":23},"end":{"line":40,"column":3}},"13":{"start":{"line":22,"column":4},"end":{"line":39,"column":5}},"14":{"start":{"line":23,"column":21},"end":{"line":32,"column":8}},"15":{"start":{"line":33,"column":6},"end":{"line":35,"column":7}},"16":{"start":{"line":34,"column":8},"end":{"line":34,"column":58}},"17":{"start":{"line":36,"column":6},"end":{"line":36,"column":34}},"18":{"start":{"line":38,"column":6},"end":{"line":38,"column":15}},"19":{"start":{"line":42,"column":27},"end":{"line":53,"column":3}},"20":{"start":{"line":43,"column":4},"end":{"line":52,"column":5}},"21":{"start":{"line":44,"column":19},"end":{"line":44,"column":29}},"22":{"start":{"line":45,"column":21},"end":{"line":45,"column":47}},"23":{"start":{"line":46,"column":6},"end":{"line":48,"column":7}},"24":{"start":{"line":47,"column":8},"end":{"line":47,"column":41}},"25":{"start":{"line":49,"column":6},"end":{"line":49,"column":34}},"26":{"start":{"line":51,"column":6},"end":{"line":51,"column":15}},"27":{"start":{"line":55,"column":25},"end":{"line":88,"column":3}},"28":{"start":{"line":56,"column":17},"end":{"line":56,"column":27}},"29":{"start":{"line":57,"column":14},"end":{"line":57,"column":43}},"30":{"start":{"line":59,"column":4},"end":{"line":87,"column":5}},"31":{"start":{"line":60,"column":28},"end":{"line":60,"column":36}},"32":{"start":{"line":61,"column":20},"end":{"line":61,"column":33}},"33":{"start":{"line":62,"column":6},"end":{"line":64,"column":7}},"34":{"start":{"line":63,"column":8},"end":{"line":63,"column":65}},"35":{"start":{"line":65,"column":6},"end":{"line":67,"column":7}},"36":{"start":{"line":66,"column":8},"end":{"line":66,"column":64}},"37":{"start":{"line":68,"column":6},"end":{"line":81,"column":7}},"38":{"start":{"line":69,"column":8},"end":{"line":69,"column":63}},"39":{"start":{"line":72,"column":21},"end":{"line":74,"column":10}},"40":{"start":{"line":75,"column":8},"end":{"line":77,"column":9}},"41":{"start":{"line":76,"column":10},"end":{"line":76,"column":43}},"42":{"start":{"line":78,"column":23},"end":{"line":78,"column":81}},"43":{"start":{"line":79,"column":8},"end":{"line":79,"column":36}},"44":{"start":{"line":80,"column":8},"end":{"line":80,"column":24}},"45":{"start":{"line":84,"column":6},"end":{"line":84,"column":15}},"46":{"start":{"line":85,"column":6},"end":{"line":85,"column":24}},"47":{"start":{"line":90,"column":25},"end":{"line":111,"column":3}},"48":{"start":{"line":91,"column":14},"end":{"line":91,"column":43}},"49":{"start":{"line":92,"column":4},"end":{"line":110,"column":5}},"50":{"start":{"line":93,"column":19},"end":{"line":93,"column":29}},"51":{"start":{"line":94,"column":6},"end":{"line":105,"column":7}},"52":{"start":{"line":95,"column":8},"end":{"line":95,"column":63}},"53":{"start":{"line":98,"column":21},"end":{"line":98,"column":47}},"54":{"start":{"line":99,"column":8},"end":{"line":101,"column":9}},"55":{"start":{"line":100,"column":10},"end":{"line":100,"column":43}},"56":{"start":{"line":102,"column":23},"end":{"line":102,"column":76}},"57":{"start":{"line":103,"column":8},"end":{"line":103,"column":24}},"58":{"start":{"line":104,"column":8},"end":{"line":104,"column":65}},"59":{"start":{"line":107,"column":6},"end":{"line":107,"column":15}},"60":{"start":{"line":108,"column":6},"end":{"line":108,"column":24}},"61":{"start":{"line":113,"column":22},"end":{"line":126,"column":3}},"62":{"start":{"line":114,"column":14},"end":{"line":114,"column":43}},"63":{"start":{"line":115,"column":4},"end":{"line":125,"column":5}},"64":{"start":{"line":116,"column":79},"end":{"line":116,"column":87}},"65":{"start":{"line":117,"column":20},"end":{"line":117,"column":84}},"66":{"start":{"line":118,"column":21},"end":{"line":118,"column":71}},"67":{"start":{"line":119,"column":6},"end":{"line":119,"column":34}},"68":{"start":{"line":120,"column":6},"end":{"line":120,"column":22}},"69":{"start":{"line":123,"column":6},"end":{"line":123,"column":16}},"70":{"start":{"line":124,"column":6},"end":{"line":124,"column":24}},"71":{"start":{"line":129,"column":26},"end":{"line":141,"column":3}},"72":{"start":{"line":130,"column":4},"end":{"line":140,"column":5}},"73":{"start":{"line":131,"column":19},"end":{"line":131,"column":29}},"74":{"start":{"line":132,"column":24},"end":{"line":132,"column":26}},"75":{"start":{"line":133,"column":21},"end":{"line":133,"column":70}},"76":{"start":{"line":134,"column":6},"end":{"line":136,"column":7}},"77":{"start":{"line":135,"column":8},"end":{"line":135,"column":41}},"78":{"start":{"line":137,"column":6},"end":{"line":137,"column":34}},"79":{"start":{"line":139,"column":6},"end":{"line":139,"column":15}},"80":{"start":{"line":143,"column":24},"end":{"line":171,"column":3}},"81":{"start":{"line":144,"column":77},"end":{"line":144,"column":85}},"82":{"start":{"line":145,"column":14},"end":{"line":145,"column":43}},"83":{"start":{"line":146,"column":4},"end":{"line":170,"column":5}},"84":{"start":{"line":147,"column":19},"end":{"line":147,"column":29}},"85":{"start":{"line":148,"column":6},"end":{"line":166,"column":7}},"86":{"start":{"line":149,"column":22},"end":{"line":149,"column":29}},"87":{"start":{"line":150,"column":21},"end":{"line":150,"column":53}},"88":{"start":{"line":151,"column":8},"end":{"line":153,"column":9}},"89":{"start":{"line":152,"column":10},"end":{"line":152,"column":43}},"90":{"start":{"line":154,"column":23},"end":{"line":154,"column":102}},"91":{"start":{"line":155,"column":8},"end":{"line":155,"column":36}},"92":{"start":{"line":156,"column":8},"end":{"line":156,"column":24}},"93":{"start":{"line":158,"column":22},"end":{"line":158,"column":85}},"94":{"start":{"line":159,"column":21},"end":{"line":159,"column":53}},"95":{"start":{"line":160,"column":8},"end":{"line":162,"column":9}},"96":{"start":{"line":161,"column":10},"end":{"line":161,"column":43}},"97":{"start":{"line":163,"column":23},"end":{"line":163,"column":102}},"98":{"start":{"line":164,"column":8},"end":{"line":164,"column":36}},"99":{"start":{"line":165,"column":8},"end":{"line":165,"column":24}},"100":{"start":{"line":168,"column":6},"end":{"line":168,"column":15}},"101":{"start":{"line":169,"column":6},"end":{"line":169,"column":24}},"102":{"start":{"line":173,"column":24},"end":{"line":194,"column":3}},"103":{"start":{"line":174,"column":17},"end":{"line":174,"column":27}},"104":{"start":{"line":175,"column":14},"end":{"line":175,"column":43}},"105":{"start":{"line":176,"column":4},"end":{"line":193,"column":5}},"106":{"start":{"line":177,"column":6},"end":{"line":188,"column":7}},"107":{"start":{"line":178,"column":8},"end":{"line":178,"column":63}},"108":{"start":{"line":180,"column":21},"end":{"line":180,"column":53}},"109":{"start":{"line":181,"column":8},"end":{"line":183,"column":9}},"110":{"start":{"line":182,"column":10},"end":{"line":182,"column":43}},"111":{"start":{"line":184,"column":23},"end":{"line":184,"column":82}},"112":{"start":{"line":185,"column":8},"end":{"line":185,"column":65}},"113":{"start":{"line":186,"column":8},"end":{"line":186,"column":24}},"114":{"start":{"line":190,"column":6},"end":{"line":190,"column":15}},"115":{"start":{"line":191,"column":6},"end":{"line":191,"column":24}}},"fnMap":{"0":{"name":"(anonymous_0)","decl":{"start":{"line":5,"column":23},"end":{"line":5,"column":24}},"loc":{"start":{"line":5,"column":47},"end":{"line":19,"column":3}},"line":5},"1":{"name":"(anonymous_1)","decl":{"start":{"line":21,"column":23},"end":{"line":21,"column":24}},"loc":{"start":{"line":21,"column":47},"end":{"line":40,"column":3}},"line":21},"2":{"name":"(anonymous_2)","decl":{"start":{"line":42,"column":27},"end":{"line":42,"column":28}},"loc":{"start":{"line":42,"column":49},"end":{"line":53,"column":3}},"line":42},"3":{"name":"(anonymous_3)","decl":{"start":{"line":55,"column":25},"end":{"line":55,"column":26}},"loc":{"start":{"line":55,"column":48},"end":{"line":88,"column":3}},"line":55},"4":{"name":"(anonymous_4)","decl":{"start":{"line":90,"column":25},"end":{"line":90,"column":26}},"loc":{"start":{"line":90,"column":48},"end":{"line":111,"column":3}},"line":90},"5":{"name":"(anonymous_5)","decl":{"start":{"line":113,"column":22},"end":{"line":113,"column":23}},"loc":{"start":{"line":113,"column":47},"end":{"line":126,"column":3}},"line":113},"6":{"name":"(anonymous_6)","decl":{"start":{"line":129,"column":26},"end":{"line":129,"column":27}},"loc":{"start":{"line":129,"column":48},"end":{"line":141,"column":3}},"line":129},"7":{"name":"(anonymous_7)","decl":{"start":{"line":143,"column":24},"end":{"line":143,"column":25}},"loc":{"start":{"line":143,"column":47},"end":{"line":171,"column":3}},"line":143},"8":{"name":"(anonymous_8)","decl":{"start":{"line":173,"column":24},"end":{"line":173,"column":25}},"loc":{"start":{"line":173,"column":47},"end":{"line":194,"column":3}},"line":173}},"branchMap":{"0":{"loc":{"start":{"line":33,"column":6},"end":{"line":35,"column":7}},"type":"if","locations":[{"start":{"line":33,"column":6},"end":{"line":35,"column":7}},{"start":{},"end":{}}],"line":33},"1":{"loc":{"start":{"line":46,"column":6},"end":{"line":48,"column":7}},"type":"if","locations":[{"start":{"line":46,"column":6},"end":{"line":48,"column":7}},{"start":{},"end":{}}],"line":46},"2":{"loc":{"start":{"line":62,"column":6},"end":{"line":64,"column":7}},"type":"if","locations":[{"start":{"line":62,"column":6},"end":{"line":64,"column":7}},{"start":{},"end":{}}],"line":62},"3":{"loc":{"start":{"line":62,"column":10},"end":{"line":62,"column":37}},"type":"binary-expr","locations":[{"start":{"line":62,"column":10},"end":{"line":62,"column":16}},{"start":{"line":62,"column":19},"end":{"line":62,"column":37}}],"line":62},"4":{"loc":{"start":{"line":65,"column":6},"end":{"line":67,"column":7}},"type":"if","locations":[{"start":{"line":65,"column":6},"end":{"line":67,"column":7}},{"start":{},"end":{}}],"line":65},"5":{"loc":{"start":{"line":65,"column":10},"end":{"line":65,"column":35}},"type":"binary-expr","locations":[{"start":{"line":65,"column":10},"end":{"line":65,"column":15}},{"start":{"line":65,"column":18},"end":{"line":65,"column":35}}],"line":65},"6":{"loc":{"start":{"line":68,"column":6},"end":{"line":81,"column":7}},"type":"if","locations":[{"start":{"line":68,"column":6},"end":{"line":81,"column":7}},{"start":{"line":70,"column":13},"end":{"line":81,"column":7}}],"line":68},"7":{"loc":{"start":{"line":68,"column":10},"end":{"line":68,"column":28}},"type":"binary-expr","locations":[{"start":{"line":68,"column":10},"end":{"line":68,"column":17}},{"start":{"line":68,"column":21},"end":{"line":68,"column":28}}],"line":68},"8":{"loc":{"start":{"line":75,"column":8},"end":{"line":77,"column":9}},"type":"if","locations":[{"start":{"line":75,"column":8},"end":{"line":77,"column":9}},{"start":{},"end":{}}],"line":75},"9":{"loc":{"start":{"line":94,"column":6},"end":{"line":105,"column":7}},"type":"if","locations":[{"start":{"line":94,"column":6},"end":{"line":105,"column":7}},{"start":{"line":96,"column":13},"end":{"line":105,"column":7}}],"line":94},"10":{"loc":{"start":{"line":94,"column":10},"end":{"line":94,"column":28}},"type":"binary-expr","locations":[{"start":{"line":94,"column":10},"end":{"line":94,"column":17}},{"start":{"line":94,"column":21},"end":{"line":94,"column":28}}],"line":94},"11":{"loc":{"start":{"line":99,"column":8},"end":{"line":101,"column":9}},"type":"if","locations":[{"start":{"line":99,"column":8},"end":{"line":101,"column":9}},{"start":{},"end":{}}],"line":99},"12":{"loc":{"start":{"line":134,"column":6},"end":{"line":136,"column":7}},"type":"if","locations":[{"start":{"line":134,"column":6},"end":{"line":136,"column":7}},{"start":{},"end":{}}],"line":134},"13":{"loc":{"start":{"line":148,"column":6},"end":{"line":166,"column":7}},"type":"if","locations":[{"start":{"line":148,"column":6},"end":{"line":166,"column":7}},{"start":{"line":157,"column":13},"end":{"line":166,"column":7}}],"line":148},"14":{"loc":{"start":{"line":148,"column":10},"end":{"line":148,"column":28}},"type":"binary-expr","locations":[{"start":{"line":148,"column":10},"end":{"line":148,"column":17}},{"start":{"line":148,"column":21},"end":{"line":148,"column":28}}],"line":148},"15":{"loc":{"start":{"line":151,"column":8},"end":{"line":153,"column":9}},"type":"if","locations":[{"start":{"line":151,"column":8},"end":{"line":153,"column":9}},{"start":{},"end":{}}],"line":151},"16":{"loc":{"start":{"line":160,"column":8},"end":{"line":162,"column":9}},"type":"if","locations":[{"start":{"line":160,"column":8},"end":{"line":162,"column":9}},{"start":{},"end":{}}],"line":160},"17":{"loc":{"start":{"line":177,"column":6},"end":{"line":188,"column":7}},"type":"if","locations":[{"start":{"line":177,"column":6},"end":{"line":188,"column":7}},{"start":{"line":179,"column":13},"end":{"line":188,"column":7}}],"line":177},"18":{"loc":{"start":{"line":177,"column":10},"end":{"line":177,"column":28}},"type":"binary-expr","locations":[{"start":{"line":177,"column":10},"end":{"line":177,"column":17}},{"start":{"line":177,"column":21},"end":{"line":177,"column":28}}],"line":177},"19":{"loc":{"start":{"line":181,"column":8},"end":{"line":183,"column":9}},"type":"if","locations":[{"start":{"line":181,"column":8},"end":{"line":183,"column":9}},{"start":{},"end":{}}],"line":181}},"s":{"0":2,"1":2,"2":2,"3":5,"4":5,"5":5,"6":5,"7":5,"8":1,"9":1,"10":4,"11":4,"12":2,"13":2,"14":2,"15":2,"16":0,"17":2,"18":0,"19":2,"20":2,"21":2,"22":2,"23":2,"24":1,"25":1,"26":1,"27":2,"28":6,"29":6,"30":6,"31":6,"32":6,"33":6,"34":2,"35":4,"36":2,"37":2,"38":1,"39":1,"40":1,"41":1,"42":0,"43":0,"44":0,"45":5,"46":5,"47":2,"48":2,"49":2,"50":2,"51":2,"52":0,"53":2,"54":2,"55":1,"56":1,"57":1,"58":1,"59":1,"60":1,"61":2,"62":0,"63":0,"64":0,"65":0,"66":0,"67":0,"68":0,"69":0,"70":0,"71":2,"72":0,"73":0,"74":0,"75":0,"76":0,"77":0,"78":0,"79":0,"80":2,"81":0,"82":0,"83":0,"84":0,"85":0,"86":0,"87":0,"88":0,"89":0,"90":0,"91":0,"92":0,"93":0,"94":0,"95":0,"96":0,"97":0,"98":0,"99":0,"100":0,"101":0,"102":2,"103":0,"104":0,"105":0,"106":0,"107":0,"108":0,"109":0,"110":0,"111":0,"112":0,"113":0,"114":0,"115":0},"f":{"0":5,"1":2,"2":2,"3":6,"4":2,"5":0,"6":0,"7":0,"8":0},"b":{"0":[0,2],"1":[1,1],"2":[2,4],"3":[6,4],"4":[2,2],"5":[4,2],"6":[1,1],"7":[2,1],"8":[1,0],"9":[0,2],"10":[2,2],"11":[1,1],"12":[0,0],"13":[0,0],"14":[0,0],"15":[0,0],"16":[0,0],"17":[0,0],"18":[0,0],"19":[0,0]},"_coverageSchema":"1a1c01bbd47fc00a2c39e90264f33305004495a9","hash":"15d02c2a015f1ef675d802e6c726a0e3e47537bf"}
,"/home/melisa/Desktop/Hactiv8-Batch18/fase3/final/Final-Project/server/controllers/transactionController.js": {"path":"/home/melisa/Desktop/Hactiv8-Batch18/fase3/final/Final-Project/server/controllers/transactionController.js","statementMap":{"0":{"start":{"line":1,"column":71},"end":{"line":1,"column":91}},"1":{"start":{"line":2,"column":15},"end":{"line":2,"column":35}},"2":{"start":{"line":6,"column":33},"end":{"line":33,"column":5}},"3":{"start":{"line":8,"column":6},"end":{"line":31,"column":7}},"4":{"start":{"line":10,"column":27},"end":{"line":16,"column":10}},"5":{"start":{"line":18,"column":8},"end":{"line":22,"column":10}},"6":{"start":{"line":24,"column":28},"end":{"line":24,"column":82}},"7":{"start":{"line":26,"column":8},"end":{"line":26,"column":44}},"8":{"start":{"line":29,"column":8},"end":{"line":29,"column":42}},"9":{"start":{"line":30,"column":8},"end":{"line":30,"column":18}},"10":{"start":{"line":36,"column":24},"end":{"line":72,"column":5}},"11":{"start":{"line":38,"column":8},"end":{"line":71,"column":9}},"12":{"start":{"line":40,"column":34},"end":{"line":60,"column":14}},"13":{"start":{"line":62,"column":12},"end":{"line":66,"column":13}},"14":{"start":{"line":63,"column":16},"end":{"line":63,"column":70}},"15":{"start":{"line":65,"column":16},"end":{"line":65,"column":52}},"16":{"start":{"line":69,"column":12},"end":{"line":69,"column":30}},"17":{"start":{"line":70,"column":12},"end":{"line":70,"column":24}},"18":{"start":{"line":74,"column":27},"end":{"line":113,"column":5}},"19":{"start":{"line":76,"column":8},"end":{"line":112,"column":9}},"20":{"start":{"line":78,"column":34},"end":{"line":101,"column":14}},"21":{"start":{"line":103,"column":12},"end":{"line":107,"column":13}},"22":{"start":{"line":104,"column":16},"end":{"line":104,"column":70}},"23":{"start":{"line":106,"column":16},"end":{"line":106,"column":52}},"24":{"start":{"line":110,"column":12},"end":{"line":110,"column":30}},"25":{"start":{"line":111,"column":12},"end":{"line":111,"column":24}},"26":{"start":{"line":115,"column":34},"end":{"line":189,"column":5}},"27":{"start":{"line":117,"column":8},"end":{"line":188,"column":9}},"28":{"start":{"line":119,"column":34},"end":{"line":139,"column":14}},"29":{"start":{"line":141,"column":12},"end":{"line":141,"column":75}},"30":{"start":{"line":141,"column":42},"end":{"line":141,"column":75}},"31":{"start":{"line":143,"column":30},"end":{"line":146,"column":14}},"32":{"start":{"line":148,"column":13},"end":{"line":151,"column":15}},"33":{"start":{"line":149,"column":16},"end":{"line":149,"column":81}},"34":{"start":{"line":150,"column":16},"end":{"line":150,"column":57}},"35":{"start":{"line":153,"column":32},"end":{"line":160,"column":14}},"36":{"start":{"line":162,"column":12},"end":{"line":183,"column":13}},"37":{"start":{"line":163,"column":16},"end":{"line":163,"column":59}},"38":{"start":{"line":164,"column":35},"end":{"line":170,"column":18}},"39":{"start":{"line":171,"column":16},"end":{"line":171,"column":51}},"40":{"start":{"line":173,"column":35},"end":{"line":178,"column":18}},"41":{"start":{"line":180,"column":16},"end":{"line":180,"column":58}},"42":{"start":{"line":182,"column":16},"end":{"line":182,"column":51}},"43":{"start":{"line":186,"column":12},"end":{"line":186,"column":30}},"44":{"start":{"line":187,"column":12},"end":{"line":187,"column":23}},"45":{"start":{"line":191,"column":25},"end":{"line":225,"column":5}},"46":{"start":{"line":193,"column":8},"end":{"line":224,"column":9}},"47":{"start":{"line":195,"column":29},"end":{"line":205,"column":14}},"48":{"start":{"line":207,"column":12},"end":{"line":207,"column":75}},"49":{"start":{"line":207,"column":37},"end":{"line":207,"column":75}},"50":{"start":{"line":209,"column":32},"end":{"line":216,"column":14}},"51":{"start":{"line":218,"column":12},"end":{"line":218,"column":43}},"52":{"start":{"line":220,"column":12},"end":{"line":220,"column":18}},"53":{"start":{"line":223,"column":12},"end":{"line":223,"column":23}},"54":{"start":{"line":227,"column":37},"end":{"line":242,"column":5}},"55":{"start":{"line":229,"column":8},"end":{"line":241,"column":9}},"56":{"start":{"line":231,"column":40},"end":{"line":235,"column":14}},"57":{"start":{"line":237,"column":12},"end":{"line":237,"column":53}},"58":{"start":{"line":240,"column":12},"end":{"line":240,"column":18}},"59":{"start":{"line":244,"column":37},"end":{"line":301,"column":5}},"60":{"start":{"line":245,"column":8},"end":{"line":300,"column":9}},"61":{"start":{"line":247,"column":27},"end":{"line":247,"column":35}},"62":{"start":{"line":249,"column":12},"end":{"line":249,"column":31}},"63":{"start":{"line":251,"column":36},"end":{"line":255,"column":14}},"64":{"start":{"line":257,"column":12},"end":{"line":257,"column":73}},"65":{"start":{"line":257,"column":34},"end":{"line":257,"column":73}},"66":{"start":{"line":261,"column":12},"end":{"line":263,"column":13}},"67":{"start":{"line":262,"column":16},"end":{"line":262,"column":36}},"68":{"start":{"line":265,"column":12},"end":{"line":272,"column":13}},"69":{"start":{"line":268,"column":16},"end":{"line":268,"column":36}},"70":{"start":{"line":269,"column":19},"end":{"line":272,"column":13}},"71":{"start":{"line":271,"column":16},"end":{"line":271,"column":34}},"72":{"start":{"line":274,"column":12},"end":{"line":274,"column":62}},"73":{"start":{"line":274,"column":28},"end":{"line":274,"column":62}},"74":{"start":{"line":276,"column":35},"end":{"line":285,"column":14}},"75":{"start":{"line":287,"column":31},"end":{"line":293,"column":14}},"76":{"start":{"line":295,"column":12},"end":{"line":295,"column":48}},"77":{"start":{"line":298,"column":12},"end":{"line":298,"column":30}},"78":{"start":{"line":299,"column":12},"end":{"line":299,"column":23}},"79":{"start":{"line":305,"column":0},"end":{"line":307,"column":1}}},"fnMap":{"0":{"name":"(anonymous_0)","decl":{"start":{"line":6,"column":33},"end":{"line":6,"column":34}},"loc":{"start":{"line":6,"column":58},"end":{"line":33,"column":5}},"line":6},"1":{"name":"(anonymous_1)","decl":{"start":{"line":36,"column":24},"end":{"line":36,"column":25}},"loc":{"start":{"line":36,"column":50},"end":{"line":72,"column":5}},"line":36},"2":{"name":"(anonymous_2)","decl":{"start":{"line":74,"column":27},"end":{"line":74,"column":28}},"loc":{"start":{"line":74,"column":53},"end":{"line":113,"column":5}},"line":74},"3":{"name":"(anonymous_3)","decl":{"start":{"line":115,"column":34},"end":{"line":115,"column":35}},"loc":{"start":{"line":115,"column":60},"end":{"line":189,"column":5}},"line":115},"4":{"name":"(anonymous_4)","decl":{"start":{"line":148,"column":35},"end":{"line":148,"column":36}},"loc":{"start":{"line":148,"column":46},"end":{"line":151,"column":13}},"line":148},"5":{"name":"(anonymous_5)","decl":{"start":{"line":191,"column":25},"end":{"line":191,"column":26}},"loc":{"start":{"line":191,"column":51},"end":{"line":225,"column":5}},"line":191},"6":{"name":"(anonymous_6)","decl":{"start":{"line":227,"column":37},"end":{"line":227,"column":38}},"loc":{"start":{"line":227,"column":63},"end":{"line":242,"column":5}},"line":227},"7":{"name":"(anonymous_7)","decl":{"start":{"line":244,"column":37},"end":{"line":244,"column":38}},"loc":{"start":{"line":244,"column":63},"end":{"line":301,"column":5}},"line":244}},"branchMap":{"0":{"loc":{"start":{"line":62,"column":12},"end":{"line":66,"column":13}},"type":"if","locations":[{"start":{"line":62,"column":12},"end":{"line":66,"column":13}},{"start":{"line":64,"column":19},"end":{"line":66,"column":13}}],"line":62},"1":{"loc":{"start":{"line":103,"column":12},"end":{"line":107,"column":13}},"type":"if","locations":[{"start":{"line":103,"column":12},"end":{"line":107,"column":13}},{"start":{"line":105,"column":19},"end":{"line":107,"column":13}}],"line":103},"2":{"loc":{"start":{"line":141,"column":12},"end":{"line":141,"column":75}},"type":"if","locations":[{"start":{"line":141,"column":12},"end":{"line":141,"column":75}},{"start":{},"end":{}}],"line":141},"3":{"loc":{"start":{"line":162,"column":12},"end":{"line":183,"column":13}},"type":"if","locations":[{"start":{"line":162,"column":12},"end":{"line":183,"column":13}},{"start":{"line":172,"column":19},"end":{"line":183,"column":13}}],"line":162},"4":{"loc":{"start":{"line":207,"column":12},"end":{"line":207,"column":75}},"type":"if","locations":[{"start":{"line":207,"column":12},"end":{"line":207,"column":75}},{"start":{},"end":{}}],"line":207},"5":{"loc":{"start":{"line":257,"column":12},"end":{"line":257,"column":73}},"type":"if","locations":[{"start":{"line":257,"column":12},"end":{"line":257,"column":73}},{"start":{},"end":{}}],"line":257},"6":{"loc":{"start":{"line":261,"column":12},"end":{"line":263,"column":13}},"type":"if","locations":[{"start":{"line":261,"column":12},"end":{"line":263,"column":13}},{"start":{},"end":{}}],"line":261},"7":{"loc":{"start":{"line":265,"column":12},"end":{"line":272,"column":13}},"type":"if","locations":[{"start":{"line":265,"column":12},"end":{"line":272,"column":13}},{"start":{"line":269,"column":19},"end":{"line":272,"column":13}}],"line":265},"8":{"loc":{"start":{"line":265,"column":16},"end":{"line":267,"column":52}},"type":"binary-expr","locations":[{"start":{"line":265,"column":16},"end":{"line":265,"column":54}},{"start":{"line":266,"column":16},"end":{"line":266,"column":54}},{"start":{"line":267,"column":16},"end":{"line":267,"column":52}}],"line":265},"9":{"loc":{"start":{"line":269,"column":19},"end":{"line":272,"column":13}},"type":"if","locations":[{"start":{"line":269,"column":19},"end":{"line":272,"column":13}},{"start":{},"end":{}}],"line":269},"10":{"loc":{"start":{"line":269,"column":24},"end":{"line":270,"column":63}},"type":"binary-expr","locations":[{"start":{"line":269,"column":24},"end":{"line":269,"column":66}},{"start":{"line":270,"column":24},"end":{"line":270,"column":63}}],"line":269},"11":{"loc":{"start":{"line":274,"column":12},"end":{"line":274,"column":62}},"type":"if","locations":[{"start":{"line":274,"column":12},"end":{"line":274,"column":62}},{"start":{},"end":{}}],"line":274}},"s":{"0":2,"1":2,"2":2,"3":0,"4":0,"5":0,"6":0,"7":0,"8":0,"9":0,"10":2,"11":0,"12":0,"13":0,"14":0,"15":0,"16":0,"17":0,"18":2,"19":0,"20":0,"21":0,"22":0,"23":0,"24":0,"25":0,"26":2,"27":0,"28":0,"29":0,"30":0,"31":0,"32":0,"33":0,"34":0,"35":0,"36":0,"37":0,"38":0,"39":0,"40":0,"41":0,"42":0,"43":0,"44":0,"45":2,"46":0,"47":0,"48":0,"49":0,"50":0,"51":0,"52":0,"53":0,"54":2,"55":0,"56":0,"57":0,"58":0,"59":2,"60":0,"61":0,"62":0,"63":0,"64":0,"65":0,"66":0,"67":0,"68":0,"69":0,"70":0,"71":0,"72":0,"73":0,"74":0,"75":0,"76":0,"77":0,"78":0,"79":2},"f":{"0":0,"1":0,"2":0,"3":0,"4":0,"5":0,"6":0,"7":0},"b":{"0":[0,0],"1":[0,0],"2":[0,0],"3":[0,0],"4":[0,0],"5":[0,0],"6":[0,0],"7":[0,0],"8":[0,0,0],"9":[0,0],"10":[0,0],"11":[0,0]},"_coverageSchema":"1a1c01bbd47fc00a2c39e90264f33305004495a9","hash":"9b50a06f83e6c63713633039807720642c8f9d09"}
,"/home/melisa/Desktop/Hactiv8-Batch18/fase3/final/Final-Project/server/controllers/videoDaily.js": {"path":"/home/melisa/Desktop/Hactiv8-Batch18/fase3/final/Final-Project/server/controllers/videoDaily.js","statementMap":{"0":{"start":{"line":1,"column":14},"end":{"line":1,"column":30}},"1":{"start":{"line":3,"column":20},"end":{"line":3,"column":86}},"2":{"start":{"line":5,"column":20},"end":{"line":9,"column":5}},"3":{"start":{"line":11,"column":20},"end":{"line":20,"column":5}},"4":{"start":{"line":12,"column":6},"end":{"line":19,"column":55}},"5":{"start":{"line":17,"column":10},"end":{"line":17,"column":31}},"6":{"start":{"line":19,"column":24},"end":{"line":19,"column":53}},"7":{"start":{"line":22,"column":23},"end":{"line":42,"column":5}},"8":{"start":{"line":23,"column":6},"end":{"line":41,"column":53}},"9":{"start":{"line":37,"column":23},"end":{"line":37,"column":38}},"10":{"start":{"line":39,"column":10},"end":{"line":39,"column":22}},"11":{"start":{"line":41,"column":24},"end":{"line":41,"column":51}},"12":{"start":{"line":44,"column":19},"end":{"line":61,"column":1}},"13":{"start":{"line":45,"column":2},"end":{"line":60,"column":3}},"14":{"start":{"line":47,"column":19},"end":{"line":47,"column":32}},"15":{"start":{"line":49,"column":17},"end":{"line":49,"column":38}},"16":{"start":{"line":50,"column":4},"end":{"line":55,"column":5}},"17":{"start":{"line":51,"column":22},"end":{"line":51,"column":46}},"18":{"start":{"line":52,"column":6},"end":{"line":52,"column":36}},"19":{"start":{"line":54,"column":6},"end":{"line":54,"column":33}},"20":{"start":{"line":58,"column":4},"end":{"line":58,"column":23}},"21":{"start":{"line":59,"column":4},"end":{"line":59,"column":16}},"22":{"start":{"line":63,"column":0},"end":{"line":63,"column":28}}},"fnMap":{"0":{"name":"(anonymous_0)","decl":{"start":{"line":11,"column":20},"end":{"line":11,"column":21}},"loc":{"start":{"line":11,"column":30},"end":{"line":20,"column":5}},"line":11},"1":{"name":"(anonymous_1)","decl":{"start":{"line":16,"column":14},"end":{"line":16,"column":15}},"loc":{"start":{"line":16,"column":28},"end":{"line":18,"column":9}},"line":16},"2":{"name":"(anonymous_2)","decl":{"start":{"line":19,"column":15},"end":{"line":19,"column":16}},"loc":{"start":{"line":19,"column":24},"end":{"line":19,"column":53}},"line":19},"3":{"name":"(anonymous_3)","decl":{"start":{"line":22,"column":23},"end":{"line":22,"column":24}},"loc":{"start":{"line":22,"column":33},"end":{"line":42,"column":5}},"line":22},"4":{"name":"(anonymous_4)","decl":{"start":{"line":37,"column":14},"end":{"line":37,"column":15}},"loc":{"start":{"line":37,"column":23},"end":{"line":37,"column":38}},"line":37},"5":{"name":"(anonymous_5)","decl":{"start":{"line":38,"column":14},"end":{"line":38,"column":15}},"loc":{"start":{"line":38,"column":24},"end":{"line":40,"column":9}},"line":38},"6":{"name":"(anonymous_6)","decl":{"start":{"line":41,"column":15},"end":{"line":41,"column":16}},"loc":{"start":{"line":41,"column":24},"end":{"line":41,"column":51}},"line":41},"7":{"name":"(anonymous_7)","decl":{"start":{"line":44,"column":19},"end":{"line":44,"column":20}},"loc":{"start":{"line":44,"column":45},"end":{"line":61,"column":1}},"line":44}},"branchMap":{"0":{"loc":{"start":{"line":50,"column":4},"end":{"line":55,"column":5}},"type":"if","locations":[{"start":{"line":50,"column":4},"end":{"line":55,"column":5}},{"start":{"line":53,"column":11},"end":{"line":55,"column":5}}],"line":50}},"s":{"0":2,"1":2,"2":2,"3":2,"4":0,"5":0,"6":0,"7":2,"8":0,"9":0,"10":0,"11":0,"12":2,"13":0,"14":0,"15":0,"16":0,"17":0,"18":0,"19":0,"20":0,"21":0,"22":2},"f":{"0":0,"1":0,"2":0,"3":0,"4":0,"5":0,"6":0,"7":0},"b":{"0":[0,0]},"_coverageSchema":"1a1c01bbd47fc00a2c39e90264f33305004495a9","hash":"a66cdc204062abcb3e613aed73e3ebcbe5410bae"}
,"/home/melisa/Desktop/Hactiv8-Batch18/fase3/final/Final-Project/server/helpers/bycrpt.js": {"path":"/home/melisa/Desktop/Hactiv8-Batch18/fase3/final/Final-Project/server/helpers/bycrpt.js","statementMap":{"0":{"start":{"line":1,"column":15},"end":{"line":1,"column":34}},"1":{"start":{"line":3,"column":17},"end":{"line":5,"column":1}},"2":{"start":{"line":4,"column":4},"end":{"line":4,"column":63}},"3":{"start":{"line":7,"column":20},"end":{"line":9,"column":1}},"4":{"start":{"line":8,"column":4},"end":{"line":8,"column":45}},"5":{"start":{"line":11,"column":0},"end":{"line":14,"column":1}}},"fnMap":{"0":{"name":"(anonymous_0)","decl":{"start":{"line":3,"column":17},"end":{"line":3,"column":18}},"loc":{"start":{"line":3,"column":26},"end":{"line":5,"column":1}},"line":3},"1":{"name":"(anonymous_1)","decl":{"start":{"line":7,"column":20},"end":{"line":7,"column":21}},"loc":{"start":{"line":7,"column":39},"end":{"line":9,"column":1}},"line":7}},"branchMap":{},"s":{"0":2,"1":2,"2":15,"3":2,"4":1,"5":2},"f":{"0":15,"1":1},"b":{},"_coverageSchema":"1a1c01bbd47fc00a2c39e90264f33305004495a9","hash":"91c7c9178f3be2d156f8278aa630096e95d7e065"}
,"/home/melisa/Desktop/Hactiv8-Batch18/fase3/final/Final-Project/server/helpers/imagekit.js": {"path":"/home/melisa/Desktop/Hactiv8-Batch18/fase3/final/Final-Project/server/helpers/imagekit.js","statementMap":{"0":{"start":{"line":1,"column":29},"end":{"line":14,"column":1}},"1":{"start":{"line":2,"column":2},"end":{"line":4,"column":3}},"2":{"start":{"line":3,"column":4},"end":{"line":3,"column":39}},"3":{"start":{"line":5,"column":2},"end":{"line":7,"column":3}},"4":{"start":{"line":6,"column":4},"end":{"line":6,"column":42}},"5":{"start":{"line":8,"column":2},"end":{"line":10,"column":3}},"6":{"start":{"line":9,"column":4},"end":{"line":9,"column":43}},"7":{"start":{"line":11,"column":2},"end":{"line":13,"column":3}},"8":{"start":{"line":12,"column":4},"end":{"line":12,"column":43}},"9":{"start":{"line":16,"column":31},"end":{"line":27,"column":1}},"10":{"start":{"line":17,"column":2},"end":{"line":19,"column":3}},"11":{"start":{"line":18,"column":4},"end":{"line":18,"column":39}},"12":{"start":{"line":21,"column":2},"end":{"line":23,"column":3}},"13":{"start":{"line":22,"column":4},"end":{"line":22,"column":43}},"14":{"start":{"line":24,"column":2},"end":{"line":26,"column":3}},"15":{"start":{"line":25,"column":4},"end":{"line":25,"column":43}},"16":{"start":{"line":29,"column":0},"end":{"line":31,"column":1}}},"fnMap":{"0":{"name":"(anonymous_0)","decl":{"start":{"line":1,"column":29},"end":{"line":1,"column":30}},"loc":{"start":{"line":1,"column":38},"end":{"line":14,"column":1}},"line":1},"1":{"name":"(anonymous_1)","decl":{"start":{"line":16,"column":31},"end":{"line":16,"column":32}},"loc":{"start":{"line":16,"column":40},"end":{"line":27,"column":1}},"line":16}},"branchMap":{"0":{"loc":{"start":{"line":2,"column":2},"end":{"line":4,"column":3}},"type":"if","locations":[{"start":{"line":2,"column":2},"end":{"line":4,"column":3}},{"start":{},"end":{}}],"line":2},"1":{"loc":{"start":{"line":5,"column":2},"end":{"line":7,"column":3}},"type":"if","locations":[{"start":{"line":5,"column":2},"end":{"line":7,"column":3}},{"start":{},"end":{}}],"line":5},"2":{"loc":{"start":{"line":8,"column":2},"end":{"line":10,"column":3}},"type":"if","locations":[{"start":{"line":8,"column":2},"end":{"line":10,"column":3}},{"start":{},"end":{}}],"line":8},"3":{"loc":{"start":{"line":11,"column":2},"end":{"line":13,"column":3}},"type":"if","locations":[{"start":{"line":11,"column":2},"end":{"line":13,"column":3}},{"start":{},"end":{}}],"line":11},"4":{"loc":{"start":{"line":11,"column":6},"end":{"line":11,"column":114}},"type":"binary-expr","locations":[{"start":{"line":11,"column":6},"end":{"line":11,"column":39}},{"start":{"line":11,"column":43},"end":{"line":11,"column":76}},{"start":{"line":11,"column":80},"end":{"line":11,"column":114}}],"line":11},"5":{"loc":{"start":{"line":17,"column":2},"end":{"line":19,"column":3}},"type":"if","locations":[{"start":{"line":17,"column":2},"end":{"line":19,"column":3}},{"start":{},"end":{}}],"line":17},"6":{"loc":{"start":{"line":21,"column":2},"end":{"line":23,"column":3}},"type":"if","locations":[{"start":{"line":21,"column":2},"end":{"line":23,"column":3}},{"start":{},"end":{}}],"line":21},"7":{"loc":{"start":{"line":24,"column":2},"end":{"line":26,"column":3}},"type":"if","locations":[{"start":{"line":24,"column":2},"end":{"line":26,"column":3}},{"start":{},"end":{}}],"line":24},"8":{"loc":{"start":{"line":24,"column":6},"end":{"line":24,"column":156}},"type":"binary-expr","locations":[{"start":{"line":24,"column":6},"end":{"line":24,"column":53}},{"start":{"line":24,"column":57},"end":{"line":24,"column":104}},{"start":{"line":24,"column":108},"end":{"line":24,"column":156}}],"line":24}},"s":{"0":2,"1":0,"2":0,"3":0,"4":0,"5":0,"6":0,"7":0,"8":0,"9":2,"10":0,"11":0,"12":0,"13":0,"14":0,"15":0,"16":2},"f":{"0":0,"1":0},"b":{"0":[0,0],"1":[0,0],"2":[0,0],"3":[0,0],"4":[0,0,0],"5":[0,0],"6":[0,0],"7":[0,0],"8":[0,0,0]},"_coverageSchema":"1a1c01bbd47fc00a2c39e90264f33305004495a9","hash":"499649126a79c687c284a9c5a295f8bf5cf540e6"}
,"/home/melisa/Desktop/Hactiv8-Batch18/fase3/final/Final-Project/server/helpers/jwt.js": {"path":"/home/melisa/Desktop/Hactiv8-Batch18/fase3/final/Final-Project/server/helpers/jwt.js","statementMap":{"0":{"start":{"line":1,"column":12},"end":{"line":1,"column":35}},"1":{"start":{"line":3,"column":17},"end":{"line":5,"column":1}},"2":{"start":{"line":4,"column":4},"end":{"line":4,"column":53}},"3":{"start":{"line":7,"column":20},"end":{"line":9,"column":1}},"4":{"start":{"line":8,"column":4},"end":{"line":8,"column":55}},"5":{"start":{"line":11,"column":0},"end":{"line":14,"column":1}}},"fnMap":{"0":{"name":"(anonymous_0)","decl":{"start":{"line":3,"column":17},"end":{"line":3,"column":18}},"loc":{"start":{"line":3,"column":26},"end":{"line":5,"column":1}},"line":3},"1":{"name":"(anonymous_1)","decl":{"start":{"line":7,"column":20},"end":{"line":7,"column":21}},"loc":{"start":{"line":7,"column":29},"end":{"line":9,"column":1}},"line":7}},"branchMap":{},"s":{"0":2,"1":2,"2":5,"3":2,"4":31,"5":2},"f":{"0":5,"1":31},"b":{},"_coverageSchema":"1a1c01bbd47fc00a2c39e90264f33305004495a9","hash":"5523396cb2440df254aa0dfbaa0615646dc2b6d7"}
,"/home/melisa/Desktop/Hactiv8-Batch18/fase3/final/Final-Project/server/middlewere/auth.js": {"path":"/home/melisa/Desktop/Hactiv8-Batch18/fase3/final/Final-Project/server/middlewere/auth.js","statementMap":{"0":{"start":{"line":2,"column":24},"end":{"line":2,"column":49}},"1":{"start":{"line":3,"column":17},"end":{"line":3,"column":43}},"2":{"start":{"line":5,"column":23},"end":{"line":27,"column":1}},"3":{"start":{"line":6,"column":4},"end":{"line":25,"column":5}},"4":{"start":{"line":7,"column":33},"end":{"line":7,"column":44}},"5":{"start":{"line":9,"column":8},"end":{"line":9,"column":52}},"6":{"start":{"line":9,"column":26},"end":{"line":9,"column":52}},"7":{"start":{"line":11,"column":24},"end":{"line":11,"column":49}},"8":{"start":{"line":13,"column":8},"end":{"line":13,"column":74}},"9":{"start":{"line":13,"column":43},"end":{"line":13,"column":74}},"10":{"start":{"line":15,"column":25},"end":{"line":15,"column":56}},"11":{"start":{"line":17,"column":8},"end":{"line":17,"column":48}},"12":{"start":{"line":17,"column":22},"end":{"line":17,"column":48}},"13":{"start":{"line":19,"column":8},"end":{"line":19,"column":45}},"14":{"start":{"line":21,"column":8},"end":{"line":21,"column":15}},"15":{"start":{"line":23,"column":8},"end":{"line":23,"column":27}},"16":{"start":{"line":24,"column":8},"end":{"line":24,"column":20}},"17":{"start":{"line":29,"column":22},"end":{"line":54,"column":1}},"18":{"start":{"line":30,"column":4},"end":{"line":52,"column":5}},"19":{"start":{"line":32,"column":26},"end":{"line":32,"column":34}},"20":{"start":{"line":34,"column":25},"end":{"line":38,"column":10}},"21":{"start":{"line":39,"column":8},"end":{"line":42,"column":9}},"22":{"start":{"line":44,"column":8},"end":{"line":44,"column":49}},"23":{"start":{"line":44,"column":22},"end":{"line":44,"column":49}},"24":{"start":{"line":46,"column":8},"end":{"line":46,"column":15}},"25":{"start":{"line":50,"column":8},"end":{"line":50,"column":20}},"26":{"start":{"line":56,"column":25},"end":{"line":68,"column":1}},"27":{"start":{"line":57,"column":4},"end":{"line":66,"column":5}},"28":{"start":{"line":58,"column":8},"end":{"line":58,"column":64}},"29":{"start":{"line":58,"column":37},"end":{"line":58,"column":64}},"30":{"start":{"line":60,"column":8},"end":{"line":60,"column":15}},"31":{"start":{"line":64,"column":8},"end":{"line":64,"column":20}},"32":{"start":{"line":70,"column":0},"end":{"line":74,"column":1}}},"fnMap":{"0":{"name":"(anonymous_0)","decl":{"start":{"line":5,"column":23},"end":{"line":5,"column":24}},"loc":{"start":{"line":5,"column":49},"end":{"line":27,"column":1}},"line":5},"1":{"name":"(anonymous_1)","decl":{"start":{"line":29,"column":22},"end":{"line":29,"column":23}},"loc":{"start":{"line":29,"column":48},"end":{"line":54,"column":1}},"line":29},"2":{"name":"(anonymous_2)","decl":{"start":{"line":56,"column":25},"end":{"line":56,"column":26}},"loc":{"start":{"line":56,"column":51},"end":{"line":68,"column":1}},"line":56}},"branchMap":{"0":{"loc":{"start":{"line":9,"column":8},"end":{"line":9,"column":52}},"type":"if","locations":[{"start":{"line":9,"column":8},"end":{"line":9,"column":52}},{"start":{},"end":{}}],"line":9},"1":{"loc":{"start":{"line":13,"column":8},"end":{"line":13,"column":74}},"type":"if","locations":[{"start":{"line":13,"column":8},"end":{"line":13,"column":74}},{"start":{},"end":{}}],"line":13},"2":{"loc":{"start":{"line":13,"column":11},"end":{"line":13,"column":41}},"type":"binary-expr","locations":[{"start":{"line":13,"column":11},"end":{"line":13,"column":19}},{"start":{"line":13,"column":23},"end":{"line":13,"column":41}}],"line":13},"3":{"loc":{"start":{"line":17,"column":8},"end":{"line":17,"column":48}},"type":"if","locations":[{"start":{"line":17,"column":8},"end":{"line":17,"column":48}},{"start":{},"end":{}}],"line":17},"4":{"loc":{"start":{"line":44,"column":8},"end":{"line":44,"column":49}},"type":"if","locations":[{"start":{"line":44,"column":8},"end":{"line":44,"column":49}},{"start":{},"end":{}}],"line":44},"5":{"loc":{"start":{"line":58,"column":8},"end":{"line":58,"column":64}},"type":"if","locations":[{"start":{"line":58,"column":8},"end":{"line":58,"column":64}},{"start":{},"end":{}}],"line":58}},"s":{"0":2,"1":2,"2":2,"3":36,"4":36,"5":36,"6":5,"7":31,"8":28,"9":0,"10":28,"11":28,"12":1,"13":27,"14":27,"15":9,"16":9,"17":2,"18":27,"19":27,"20":27,"21":27,"22":27,"23":0,"24":27,"25":0,"26":2,"27":17,"28":17,"29":0,"30":17,"31":0,"32":2},"f":{"0":36,"1":27,"2":17},"b":{"0":[5,31],"1":[0,28],"2":[28,28],"3":[1,27],"4":[0,27],"5":[0,17]},"_coverageSchema":"1a1c01bbd47fc00a2c39e90264f33305004495a9","hash":"64b5fb07317b66d15f3baf0853939a80303e173b"}
,"/home/melisa/Desktop/Hactiv8-Batch18/fase3/final/Final-Project/server/middlewere/errorHandler.js": {"path":"/home/melisa/Desktop/Hactiv8-Batch18/fase3/final/Final-Project/server/middlewere/errorHandler.js","statementMap":{"0":{"start":{"line":3,"column":17},"end":{"line":57,"column":1}},"1":{"start":{"line":5,"column":4},"end":{"line":5,"column":20}},"2":{"start":{"line":8,"column":15},"end":{"line":8,"column":18}},"3":{"start":{"line":9,"column":18},"end":{"line":9,"column":41}},"4":{"start":{"line":11,"column":4},"end":{"line":53,"column":5}},"5":{"start":{"line":13,"column":8},"end":{"line":13,"column":18}},"6":{"start":{"line":14,"column":8},"end":{"line":14,"column":39}},"7":{"start":{"line":15,"column":11},"end":{"line":53,"column":5}},"8":{"start":{"line":16,"column":8},"end":{"line":16,"column":18}},"9":{"start":{"line":17,"column":8},"end":{"line":17,"column":29}},"10":{"start":{"line":18,"column":11},"end":{"line":53,"column":5}},"11":{"start":{"line":19,"column":8},"end":{"line":19,"column":18}},"12":{"start":{"line":20,"column":8},"end":{"line":20,"column":42}},"13":{"start":{"line":21,"column":11},"end":{"line":53,"column":5}},"14":{"start":{"line":24,"column":8},"end":{"line":24,"column":18}},"15":{"start":{"line":25,"column":8},"end":{"line":25,"column":33}},"16":{"start":{"line":26,"column":11},"end":{"line":53,"column":5}},"17":{"start":{"line":27,"column":8},"end":{"line":27,"column":18}},"18":{"start":{"line":28,"column":8},"end":{"line":28,"column":34}},"19":{"start":{"line":29,"column":11},"end":{"line":53,"column":5}},"20":{"start":{"line":30,"column":8},"end":{"line":30,"column":18}},"21":{"start":{"line":31,"column":8},"end":{"line":31,"column":37}},"22":{"start":{"line":32,"column":11},"end":{"line":53,"column":5}},"23":{"start":{"line":33,"column":8},"end":{"line":33,"column":18}},"24":{"start":{"line":34,"column":8},"end":{"line":34,"column":35}},"25":{"start":{"line":35,"column":11},"end":{"line":53,"column":5}},"26":{"start":{"line":36,"column":8},"end":{"line":36,"column":18}},"27":{"start":{"line":37,"column":8},"end":{"line":37,"column":48}},"28":{"start":{"line":38,"column":11},"end":{"line":53,"column":5}},"29":{"start":{"line":39,"column":8},"end":{"line":39,"column":18}},"30":{"start":{"line":40,"column":8},"end":{"line":40,"column":55}},"31":{"start":{"line":41,"column":11},"end":{"line":53,"column":5}},"32":{"start":{"line":42,"column":8},"end":{"line":42,"column":18}},"33":{"start":{"line":43,"column":8},"end":{"line":43,"column":43}},"34":{"start":{"line":44,"column":11},"end":{"line":53,"column":5}},"35":{"start":{"line":45,"column":8},"end":{"line":45,"column":18}},"36":{"start":{"line":46,"column":8},"end":{"line":46,"column":65}},"37":{"start":{"line":47,"column":11},"end":{"line":53,"column":5}},"38":{"start":{"line":48,"column":8},"end":{"line":48,"column":18}},"39":{"start":{"line":49,"column":8},"end":{"line":49,"column":29}},"40":{"start":{"line":50,"column":11},"end":{"line":53,"column":5}},"41":{"start":{"line":51,"column":8},"end":{"line":51,"column":18}},"42":{"start":{"line":52,"column":8},"end":{"line":52,"column":111}},"43":{"start":{"line":55,"column":4},"end":{"line":55,"column":36}},"44":{"start":{"line":59,"column":0},"end":{"line":59,"column":25}}},"fnMap":{"0":{"name":"(anonymous_0)","decl":{"start":{"line":3,"column":17},"end":{"line":3,"column":18}},"loc":{"start":{"line":3,"column":47},"end":{"line":57,"column":1}},"line":3}},"branchMap":{"0":{"loc":{"start":{"line":11,"column":4},"end":{"line":53,"column":5}},"type":"if","locations":[{"start":{"line":11,"column":4},"end":{"line":53,"column":5}},{"start":{"line":15,"column":11},"end":{"line":53,"column":5}}],"line":11},"1":{"loc":{"start":{"line":11,"column":9},"end":{"line":12,"column":47}},"type":"binary-expr","locations":[{"start":{"line":11,"column":9},"end":{"line":11,"column":54}},{"start":{"line":12,"column":8},"end":{"line":12,"column":47}}],"line":11},"2":{"loc":{"start":{"line":15,"column":11},"end":{"line":53,"column":5}},"type":"if","locations":[{"start":{"line":15,"column":11},"end":{"line":53,"column":5}},{"start":{"line":18,"column":11},"end":{"line":53,"column":5}}],"line":15},"3":{"loc":{"start":{"line":18,"column":11},"end":{"line":53,"column":5}},"type":"if","locations":[{"start":{"line":18,"column":11},"end":{"line":53,"column":5}},{"start":{"line":21,"column":11},"end":{"line":53,"column":5}}],"line":18},"4":{"loc":{"start":{"line":21,"column":11},"end":{"line":53,"column":5}},"type":"if","locations":[{"start":{"line":21,"column":11},"end":{"line":53,"column":5}},{"start":{"line":26,"column":11},"end":{"line":53,"column":5}}],"line":21},"5":{"loc":{"start":{"line":21,"column":16},"end":{"line":23,"column":48}},"type":"binary-expr","locations":[{"start":{"line":21,"column":16},"end":{"line":21,"column":39}},{"start":{"line":22,"column":16},"end":{"line":22,"column":45}},{"start":{"line":23,"column":16},"end":{"line":23,"column":48}}],"line":21},"6":{"loc":{"start":{"line":26,"column":11},"end":{"line":53,"column":5}},"type":"if","locations":[{"start":{"line":26,"column":11},"end":{"line":53,"column":5}},{"start":{"line":29,"column":11},"end":{"line":53,"column":5}}],"line":26},"7":{"loc":{"start":{"line":29,"column":11},"end":{"line":53,"column":5}},"type":"if","locations":[{"start":{"line":29,"column":11},"end":{"line":53,"column":5}},{"start":{"line":32,"column":11},"end":{"line":53,"column":5}}],"line":29},"8":{"loc":{"start":{"line":32,"column":11},"end":{"line":53,"column":5}},"type":"if","locations":[{"start":{"line":32,"column":11},"end":{"line":53,"column":5}},{"start":{"line":35,"column":11},"end":{"line":53,"column":5}}],"line":32},"9":{"loc":{"start":{"line":35,"column":11},"end":{"line":53,"column":5}},"type":"if","locations":[{"start":{"line":35,"column":11},"end":{"line":53,"column":5}},{"start":{"line":38,"column":11},"end":{"line":53,"column":5}}],"line":35},"10":{"loc":{"start":{"line":38,"column":11},"end":{"line":53,"column":5}},"type":"if","locations":[{"start":{"line":38,"column":11},"end":{"line":53,"column":5}},{"start":{"line":41,"column":11},"end":{"line":53,"column":5}}],"line":38},"11":{"loc":{"start":{"line":41,"column":11},"end":{"line":53,"column":5}},"type":"if","locations":[{"start":{"line":41,"column":11},"end":{"line":53,"column":5}},{"start":{"line":44,"column":11},"end":{"line":53,"column":5}}],"line":41},"12":{"loc":{"start":{"line":44,"column":11},"end":{"line":53,"column":5}},"type":"if","locations":[{"start":{"line":44,"column":11},"end":{"line":53,"column":5}},{"start":{"line":47,"column":11},"end":{"line":53,"column":5}}],"line":44},"13":{"loc":{"start":{"line":47,"column":11},"end":{"line":53,"column":5}},"type":"if","locations":[{"start":{"line":47,"column":11},"end":{"line":53,"column":5}},{"start":{"line":50,"column":11},"end":{"line":53,"column":5}}],"line":47},"14":{"loc":{"start":{"line":50,"column":11},"end":{"line":53,"column":5}},"type":"if","locations":[{"start":{"line":50,"column":11},"end":{"line":53,"column":5}},{"start":{},"end":{}}],"line":50}},"s":{"0":2,"1":49,"2":49,"3":49,"4":49,"5":27,"6":27,"7":22,"8":8,"9":8,"10":14,"11":2,"12":2,"13":12,"14":9,"15":9,"16":3,"17":0,"18":0,"19":3,"20":3,"21":3,"22":0,"23":0,"24":0,"25":0,"26":0,"27":0,"28":0,"29":0,"30":0,"31":0,"32":0,"33":0,"34":0,"35":0,"36":0,"37":0,"38":0,"39":0,"40":0,"41":0,"42":0,"43":49,"44":2},"f":{"0":49},"b":{"0":[27,22],"1":[49,48],"2":[8,14],"3":[2,12],"4":[9,3],"5":[12,6,6],"6":[0,3],"7":[3,0],"8":[0,0],"9":[0,0],"10":[0,0],"11":[0,0],"12":[0,0],"13":[0,0],"14":[0,0]},"_coverageSchema":"1a1c01bbd47fc00a2c39e90264f33305004495a9","hash":"f33b0e60eb5b5fc006b364384e75849582798973"}
,"/home/melisa/Desktop/Hactiv8-Batch18/fase3/final/Final-Project/server/middlewere/imageKit.js": {"path":"/home/melisa/Desktop/Hactiv8-Batch18/fase3/final/Final-Project/server/middlewere/imageKit.js","statementMap":{"0":{"start":{"line":1,"column":17},"end":{"line":1,"column":37}},"1":{"start":{"line":2,"column":14},"end":{"line":2,"column":30}},"2":{"start":{"line":3,"column":33},"end":{"line":3,"column":63}},"3":{"start":{"line":5,"column":21},"end":{"line":35,"column":1}},"4":{"start":{"line":6,"column":2},"end":{"line":34,"column":3}},"5":{"start":{"line":7,"column":4},"end":{"line":30,"column":5}},"6":{"start":{"line":8,"column":17},"end":{"line":8,"column":30}},"7":{"start":{"line":9,"column":6},"end":{"line":9,"column":31}},"8":{"start":{"line":10,"column":22},"end":{"line":10,"column":56}},"9":{"start":{"line":11,"column":17},"end":{"line":11,"column":31}},"10":{"start":{"line":12,"column":6},"end":{"line":12,"column":35}},"11":{"start":{"line":13,"column":6},"end":{"line":13,"column":36}},"12":{"start":{"line":14,"column":23},"end":{"line":19,"column":8}},"13":{"start":{"line":21,"column":23},"end":{"line":28,"column":8}},"14":{"start":{"line":29,"column":6},"end":{"line":29,"column":43}},"15":{"start":{"line":31,"column":4},"end":{"line":31,"column":10}},"16":{"start":{"line":33,"column":4},"end":{"line":33,"column":13}},"17":{"start":{"line":37,"column":0},"end":{"line":37,"column":29}}},"fnMap":{"0":{"name":"(anonymous_0)","decl":{"start":{"line":5,"column":21},"end":{"line":5,"column":22}},"loc":{"start":{"line":5,"column":47},"end":{"line":35,"column":1}},"line":5}},"branchMap":{"0":{"loc":{"start":{"line":7,"column":4},"end":{"line":30,"column":5}},"type":"if","locations":[{"start":{"line":7,"column":4},"end":{"line":30,"column":5}},{"start":{},"end":{}}],"line":7}},"s":{"0":2,"1":2,"2":2,"3":2,"4":0,"5":0,"6":0,"7":0,"8":0,"9":0,"10":0,"11":0,"12":0,"13":0,"14":0,"15":0,"16":0,"17":2},"f":{"0":0},"b":{"0":[0,0]},"_coverageSchema":"1a1c01bbd47fc00a2c39e90264f33305004495a9","hash":"1e694cf8449d1a6cd6c6885bb7a29c9e6864eb7c"}
,"/home/melisa/Desktop/Hactiv8-Batch18/fase3/final/Final-Project/server/middlewere/imageKitProfile.js": {"path":"/home/melisa/Desktop/Hactiv8-Batch18/fase3/final/Final-Project/server/middlewere/imageKitProfile.js","statementMap":{"0":{"start":{"line":1,"column":17},"end":{"line":1,"column":37}},"1":{"start":{"line":2,"column":14},"end":{"line":2,"column":30}},"2":{"start":{"line":3,"column":35},"end":{"line":3,"column":65}},"3":{"start":{"line":5,"column":21},"end":{"line":30,"column":1}},"4":{"start":{"line":6,"column":2},"end":{"line":29,"column":3}},"5":{"start":{"line":7,"column":4},"end":{"line":24,"column":5}},"6":{"start":{"line":8,"column":17},"end":{"line":8,"column":38}},"7":{"start":{"line":9,"column":22},"end":{"line":9,"column":56}},"8":{"start":{"line":10,"column":17},"end":{"line":10,"column":31}},"9":{"start":{"line":11,"column":6},"end":{"line":11,"column":35}},"10":{"start":{"line":12,"column":6},"end":{"line":12,"column":36}},"11":{"start":{"line":13,"column":23},"end":{"line":18,"column":8}},"12":{"start":{"line":19,"column":23},"end":{"line":22,"column":8}},"13":{"start":{"line":23,"column":6},"end":{"line":23,"column":47}},"14":{"start":{"line":25,"column":4},"end":{"line":25,"column":10}},"15":{"start":{"line":27,"column":4},"end":{"line":27,"column":34}},"16":{"start":{"line":28,"column":4},"end":{"line":28,"column":13}},"17":{"start":{"line":32,"column":0},"end":{"line":32,"column":29}}},"fnMap":{"0":{"name":"(anonymous_0)","decl":{"start":{"line":5,"column":21},"end":{"line":5,"column":22}},"loc":{"start":{"line":5,"column":47},"end":{"line":30,"column":1}},"line":5}},"branchMap":{"0":{"loc":{"start":{"line":7,"column":4},"end":{"line":24,"column":5}},"type":"if","locations":[{"start":{"line":7,"column":4},"end":{"line":24,"column":5}},{"start":{},"end":{}}],"line":7}},"s":{"0":2,"1":2,"2":2,"3":2,"4":25,"5":25,"6":0,"7":0,"8":0,"9":0,"10":0,"11":0,"12":0,"13":0,"14":25,"15":0,"16":0,"17":2},"f":{"0":25},"b":{"0":[0,25]},"_coverageSchema":"1a1c01bbd47fc00a2c39e90264f33305004495a9","hash":"54f9a12e3f8a1dc0a60749e02b24175a3e1d4595"}
,"/home/melisa/Desktop/Hactiv8-Batch18/fase3/final/Final-Project/server/middlewere/multer.js": {"path":"/home/melisa/Desktop/Hactiv8-Batch18/fase3/final/Final-Project/server/middlewere/multer.js","statementMap":{"0":{"start":{"line":1,"column":15},"end":{"line":1,"column":32}},"1":{"start":{"line":2,"column":16},"end":{"line":2,"column":38}},"2":{"start":{"line":3,"column":15},"end":{"line":3,"column":43}},"3":{"start":{"line":5,"column":22},"end":{"line":5,"column":47}},"4":{"start":{"line":7,"column":0},"end":{"line":7,"column":30}}},"fnMap":{},"branchMap":{},"s":{"0":2,"1":2,"2":2,"3":2,"4":2},"f":{},"b":{},"_coverageSchema":"1a1c01bbd47fc00a2c39e90264f33305004495a9","hash":"45287c35ca9b3a464e5aa8f284c99f3d2da5dc55"}
,"/home/melisa/Desktop/Hactiv8-Batch18/fase3/final/Final-Project/server/middlewere/multerProfile.js": {"path":"/home/melisa/Desktop/Hactiv8-Batch18/fase3/final/Final-Project/server/middlewere/multerProfile.js","statementMap":{"0":{"start":{"line":1,"column":15},"end":{"line":1,"column":32}},"1":{"start":{"line":2,"column":16},"end":{"line":2,"column":38}},"2":{"start":{"line":3,"column":15},"end":{"line":3,"column":43}},"3":{"start":{"line":4,"column":22},"end":{"line":4,"column":51}},"4":{"start":{"line":5,"column":0},"end":{"line":5,"column":30}}},"fnMap":{},"branchMap":{},"s":{"0":2,"1":2,"2":2,"3":2,"4":2},"f":{},"b":{},"_coverageSchema":"1a1c01bbd47fc00a2c39e90264f33305004495a9","hash":"e414a1c94aaf56edb236f9838af7d577017d0634"}
,"/home/melisa/Desktop/Hactiv8-Batch18/fase3/final/Final-Project/server/models/detailproduct.js": {"path":"/home/melisa/Desktop/Hactiv8-Batch18/fase3/final/Final-Project/server/models/detailproduct.js","statementMap":{"0":{"start":{"line":4,"column":4},"end":{"line":4,"column":24}},"1":{"start":{"line":5,"column":0},"end":{"line":78,"column":2}},"2":{"start":{"line":14,"column":6},"end":{"line":14,"column":45}},"3":{"start":{"line":17,"column":2},"end":{"line":76,"column":5}},"4":{"start":{"line":77,"column":2},"end":{"line":77,"column":23}}},"fnMap":{"0":{"name":"(anonymous_0)","decl":{"start":{"line":5,"column":17},"end":{"line":5,"column":18}},"loc":{"start":{"line":5,"column":43},"end":{"line":78,"column":1}},"line":5},"1":{"name":"(anonymous_1)","decl":{"start":{"line":12,"column":4},"end":{"line":12,"column":5}},"loc":{"start":{"line":12,"column":29},"end":{"line":15,"column":5}},"line":12}},"branchMap":{},"s":{"0":2,"1":2,"2":2,"3":2,"4":2},"f":{"0":2,"1":2},"b":{},"_coverageSchema":"1a1c01bbd47fc00a2c39e90264f33305004495a9","hash":"636a31838a08c4c70aef752361c65c79a84d24b6"}
,"/home/melisa/Desktop/Hactiv8-Batch18/fase3/final/Final-Project/server/models/index.js": {"path":"/home/melisa/Desktop/Hactiv8-Batch18/fase3/final/Final-Project/server/models/index.js","statementMap":{"0":{"start":{"line":3,"column":11},"end":{"line":3,"column":24}},"1":{"start":{"line":4,"column":13},"end":{"line":4,"column":28}},"2":{"start":{"line":5,"column":18},"end":{"line":5,"column":38}},"3":{"start":{"line":6,"column":17},"end":{"line":6,"column":42}},"4":{"start":{"line":7,"column":12},"end":{"line":7,"column":49}},"5":{"start":{"line":8,"column":15},"end":{"line":8,"column":65}},"6":{"start":{"line":9,"column":11},"end":{"line":9,"column":13}},"7":{"start":{"line":12,"column":0},"end":{"line":16,"column":1}},"8":{"start":{"line":13,"column":2},"end":{"line":13,"column":74}},"9":{"start":{"line":15,"column":2},"end":{"line":15,"column":87}},"10":{"start":{"line":18,"column":0},"end":{"line":26,"column":5}},"11":{"start":{"line":21,"column":4},"end":{"line":21,"column":90}},"12":{"start":{"line":24,"column":18},"end":{"line":24,"column":85}},"13":{"start":{"line":25,"column":4},"end":{"line":25,"column":27}},"14":{"start":{"line":28,"column":0},"end":{"line":32,"column":3}},"15":{"start":{"line":29,"column":2},"end":{"line":31,"column":3}},"16":{"start":{"line":30,"column":4},"end":{"line":30,"column":32}},"17":{"start":{"line":34,"column":0},"end":{"line":34,"column":25}},"18":{"start":{"line":35,"column":0},"end":{"line":35,"column":25}},"19":{"start":{"line":37,"column":0},"end":{"line":37,"column":20}}},"fnMap":{"0":{"name":"(anonymous_0)","decl":{"start":{"line":20,"column":10},"end":{"line":20,"column":11}},"loc":{"start":{"line":20,"column":18},"end":{"line":22,"column":3}},"line":20},"1":{"name":"(anonymous_1)","decl":{"start":{"line":23,"column":11},"end":{"line":23,"column":12}},"loc":{"start":{"line":23,"column":19},"end":{"line":26,"column":3}},"line":23},"2":{"name":"(anonymous_2)","decl":{"start":{"line":28,"column":24},"end":{"line":28,"column":25}},"loc":{"start":{"line":28,"column":37},"end":{"line":32,"column":1}},"line":28}},"branchMap":{"0":{"loc":{"start":{"line":7,"column":12},"end":{"line":7,"column":49}},"type":"binary-expr","locations":[{"start":{"line":7,"column":12},"end":{"line":7,"column":32}},{"start":{"line":7,"column":36},"end":{"line":7,"column":49}}],"line":7},"1":{"loc":{"start":{"line":12,"column":0},"end":{"line":16,"column":1}},"type":"if","locations":[{"start":{"line":12,"column":0},"end":{"line":16,"column":1}},{"start":{"line":14,"column":7},"end":{"line":16,"column":1}}],"line":12},"2":{"loc":{"start":{"line":21,"column":11},"end":{"line":21,"column":89}},"type":"binary-expr","locations":[{"start":{"line":21,"column":12},"end":{"line":21,"column":35}},{"start":{"line":21,"column":41},"end":{"line":21,"column":58}},{"start":{"line":21,"column":64},"end":{"line":21,"column":88}}],"line":21},"3":{"loc":{"start":{"line":29,"column":2},"end":{"line":31,"column":3}},"type":"if","locations":[{"start":{"line":29,"column":2},"end":{"line":31,"column":3}},{"start":{},"end":{}}],"line":29}},"s":{"0":2,"1":2,"2":2,"3":2,"4":2,"5":2,"6":2,"7":2,"8":0,"9":2,"10":2,"11":18,"12":16,"13":16,"14":2,"15":16,"16":16,"17":2,"18":2,"19":2},"f":{"0":18,"1":16,"2":16},"b":{"0":[2,0],"1":[0,2],"2":[18,18,16],"3":[16,0]},"_coverageSchema":"1a1c01bbd47fc00a2c39e90264f33305004495a9","hash":"fbfddbde3e9f65d913925c031b5f04b3fd1229ef"}
,"/home/melisa/Desktop/Hactiv8-Batch18/fase3/final/Final-Project/server/models/orderproduct.js": {"path":"/home/melisa/Desktop/Hactiv8-Batch18/fase3/final/Final-Project/server/models/orderproduct.js","statementMap":{"0":{"start":{"line":4,"column":4},"end":{"line":4,"column":24}},"1":{"start":{"line":5,"column":0},"end":{"line":32,"column":2}},"2":{"start":{"line":14,"column":6},"end":{"line":16,"column":8}},"3":{"start":{"line":18,"column":6},"end":{"line":20,"column":8}},"4":{"start":{"line":23,"column":2},"end":{"line":30,"column":5}},"5":{"start":{"line":31,"column":2},"end":{"line":31,"column":22}}},"fnMap":{"0":{"name":"(anonymous_0)","decl":{"start":{"line":5,"column":17},"end":{"line":5,"column":18}},"loc":{"start":{"line":5,"column":43},"end":{"line":32,"column":1}},"line":5},"1":{"name":"(anonymous_1)","decl":{"start":{"line":12,"column":4},"end":{"line":12,"column":5}},"loc":{"start":{"line":12,"column":29},"end":{"line":21,"column":5}},"line":12}},"branchMap":{},"s":{"0":2,"1":2,"2":2,"3":2,"4":2,"5":2},"f":{"0":2,"1":2},"b":{},"_coverageSchema":"1a1c01bbd47fc00a2c39e90264f33305004495a9","hash":"962a2c3c336f802a5783de62b66ef78a0ec3c11a"}
,"/home/melisa/Desktop/Hactiv8-Batch18/fase3/final/Final-Project/server/models/product.js": {"path":"/home/melisa/Desktop/Hactiv8-Batch18/fase3/final/Final-Project/server/models/product.js","statementMap":{"0":{"start":{"line":4,"column":4},"end":{"line":4,"column":24}},"1":{"start":{"line":5,"column":0},"end":{"line":39,"column":2}},"2":{"start":{"line":14,"column":6},"end":{"line":14,"column":43}},"3":{"start":{"line":17,"column":2},"end":{"line":37,"column":5}},"4":{"start":{"line":38,"column":2},"end":{"line":38,"column":17}}},"fnMap":{"0":{"name":"(anonymous_0)","decl":{"start":{"line":5,"column":17},"end":{"line":5,"column":18}},"loc":{"start":{"line":5,"column":43},"end":{"line":39,"column":1}},"line":5},"1":{"name":"(anonymous_1)","decl":{"start":{"line":12,"column":4},"end":{"line":12,"column":5}},"loc":{"start":{"line":12,"column":29},"end":{"line":15,"column":5}},"line":12}},"branchMap":{},"s":{"0":2,"1":2,"2":2,"3":2,"4":2},"f":{"0":2,"1":2},"b":{},"_coverageSchema":"1a1c01bbd47fc00a2c39e90264f33305004495a9","hash":"e4703becbfb6a2404dbc837d85bed53bf4bbf6e1"}
,"/home/melisa/Desktop/Hactiv8-Batch18/fase3/final/Final-Project/server/models/profile.js": {"path":"/home/melisa/Desktop/Hactiv8-Batch18/fase3/final/Final-Project/server/models/profile.js","statementMap":{"0":{"start":{"line":4,"column":4},"end":{"line":4,"column":24}},"1":{"start":{"line":5,"column":0},"end":{"line":67,"column":2}},"2":{"start":{"line":14,"column":6},"end":{"line":14,"column":36}},"3":{"start":{"line":18,"column":2},"end":{"line":65,"column":5}},"4":{"start":{"line":66,"column":2},"end":{"line":66,"column":17}}},"fnMap":{"0":{"name":"(anonymous_0)","decl":{"start":{"line":5,"column":17},"end":{"line":5,"column":18}},"loc":{"start":{"line":5,"column":43},"end":{"line":67,"column":1}},"line":5},"1":{"name":"(anonymous_1)","decl":{"start":{"line":12,"column":4},"end":{"line":12,"column":5}},"loc":{"start":{"line":12,"column":29},"end":{"line":16,"column":5}},"line":12}},"branchMap":{},"s":{"0":2,"1":2,"2":2,"3":2,"4":2},"f":{"0":2,"1":2},"b":{},"_coverageSchema":"1a1c01bbd47fc00a2c39e90264f33305004495a9","hash":"3ec8388120d50668ca9c95d9d68c2a494e5c37a4"}
,"/home/melisa/Desktop/Hactiv8-Batch18/fase3/final/Final-Project/server/models/schedule.js": {"path":"/home/melisa/Desktop/Hactiv8-Batch18/fase3/final/Final-Project/server/models/schedule.js","statementMap":{"0":{"start":{"line":4,"column":4},"end":{"line":4,"column":24}},"1":{"start":{"line":5,"column":0},"end":{"line":29,"column":2}},"2":{"start":{"line":14,"column":6},"end":{"line":14,"column":61}},"3":{"start":{"line":17,"column":2},"end":{"line":27,"column":5}},"4":{"start":{"line":28,"column":2},"end":{"line":28,"column":18}}},"fnMap":{"0":{"name":"(anonymous_0)","decl":{"start":{"line":5,"column":17},"end":{"line":5,"column":18}},"loc":{"start":{"line":5,"column":43},"end":{"line":29,"column":1}},"line":5},"1":{"name":"(anonymous_1)","decl":{"start":{"line":12,"column":4},"end":{"line":12,"column":5}},"loc":{"start":{"line":12,"column":29},"end":{"line":15,"column":5}},"line":12}},"branchMap":{},"s":{"0":2,"1":2,"2":2,"3":2,"4":2},"f":{"0":2,"1":2},"b":{},"_coverageSchema":"1a1c01bbd47fc00a2c39e90264f33305004495a9","hash":"6394247b66c4eb88f6a1c9e2da7aa94637bca1ef"}
,"/home/melisa/Desktop/Hactiv8-Batch18/fase3/final/Final-Project/server/models/transaction.js": {"path":"/home/melisa/Desktop/Hactiv8-Batch18/fase3/final/Final-Project/server/models/transaction.js","statementMap":{"0":{"start":{"line":4,"column":4},"end":{"line":4,"column":24}},"1":{"start":{"line":5,"column":0},"end":{"line":26,"column":2}},"2":{"start":{"line":16,"column":2},"end":{"line":24,"column":5}},"3":{"start":{"line":25,"column":2},"end":{"line":25,"column":21}}},"fnMap":{"0":{"name":"(anonymous_0)","decl":{"start":{"line":5,"column":17},"end":{"line":5,"column":18}},"loc":{"start":{"line":5,"column":43},"end":{"line":26,"column":1}},"line":5},"1":{"name":"(anonymous_1)","decl":{"start":{"line":12,"column":4},"end":{"line":12,"column":5}},"loc":{"start":{"line":12,"column":29},"end":{"line":14,"column":5}},"line":12}},"branchMap":{},"s":{"0":2,"1":2,"2":2,"3":2},"f":{"0":2,"1":2},"b":{},"_coverageSchema":"1a1c01bbd47fc00a2c39e90264f33305004495a9","hash":"8803f6ef2dd0eb2ac1fc5a3f227babe036a37a16"}
,"/home/melisa/Desktop/Hactiv8-Batch18/fase3/final/Final-Project/server/models/user.js": {"path":"/home/melisa/Desktop/Hactiv8-Batch18/fase3/final/Final-Project/server/models/user.js","statementMap":{"0":{"start":{"line":2,"column":21},"end":{"line":2,"column":49}},"1":{"start":{"line":6,"column":4},"end":{"line":6,"column":24}},"2":{"start":{"line":7,"column":0},"end":{"line":50,"column":2}},"3":{"start":{"line":16,"column":6},"end":{"line":16,"column":33}},"4":{"start":{"line":17,"column":6},"end":{"line":17,"column":61}},"5":{"start":{"line":20,"column":2},"end":{"line":48,"column":5}},"6":{"start":{"line":43,"column":8},"end":{"line":43,"column":55}},"7":{"start":{"line":49,"column":2},"end":{"line":49,"column":14}}},"fnMap":{"0":{"name":"(anonymous_0)","decl":{"start":{"line":7,"column":17},"end":{"line":7,"column":18}},"loc":{"start":{"line":7,"column":43},"end":{"line":50,"column":1}},"line":7},"1":{"name":"(anonymous_1)","decl":{"start":{"line":14,"column":4},"end":{"line":14,"column":5}},"loc":{"start":{"line":14,"column":29},"end":{"line":18,"column":5}},"line":14},"2":{"name":"(anonymous_2)","decl":{"start":{"line":42,"column":6},"end":{"line":42,"column":7}},"loc":{"start":{"line":42,"column":37},"end":{"line":44,"column":7}},"line":42}},"branchMap":{},"s":{"0":2,"1":2,"2":2,"3":2,"4":2,"5":2,"6":15,"7":2},"f":{"0":2,"1":2,"2":15},"b":{},"_coverageSchema":"1a1c01bbd47fc00a2c39e90264f33305004495a9","hash":"6662df28601d4793fff63a5f046be52a08e4c216"}
,"/home/melisa/Desktop/Hactiv8-Batch18/fase3/final/Final-Project/server/models/voucher.js": {"path":"/home/melisa/Desktop/Hactiv8-Batch18/fase3/final/Final-Project/server/models/voucher.js","statementMap":{"0":{"start":{"line":4,"column":4},"end":{"line":4,"column":24}},"1":{"start":{"line":5,"column":0},"end":{"line":27,"column":2}},"2":{"start":{"line":16,"column":2},"end":{"line":25,"column":5}},"3":{"start":{"line":26,"column":2},"end":{"line":26,"column":17}}},"fnMap":{"0":{"name":"(anonymous_0)","decl":{"start":{"line":5,"column":17},"end":{"line":5,"column":18}},"loc":{"start":{"line":5,"column":43},"end":{"line":27,"column":1}},"line":5},"1":{"name":"(anonymous_1)","decl":{"start":{"line":12,"column":4},"end":{"line":12,"column":5}},"loc":{"start":{"line":12,"column":29},"end":{"line":14,"column":5}},"line":12}},"branchMap":{},"s":{"0":2,"1":2,"2":2,"3":2},"f":{"0":2,"1":2},"b":{},"_coverageSchema":"1a1c01bbd47fc00a2c39e90264f33305004495a9","hash":"dd2a2cd03be9dfadc6efb422becdad2d39812e75"}
,"/home/melisa/Desktop/Hactiv8-Batch18/fase3/final/Final-Project/server/routes/index.js": {"path":"/home/melisa/Desktop/Hactiv8-Batch18/fase3/final/Final-Project/server/routes/index.js","statementMap":{"0":{"start":{"line":1,"column":14},"end":{"line":1,"column":41}},"1":{"start":{"line":3,"column":115},"end":{"line":3,"column":157}},"2":{"start":{"line":4,"column":34},"end":{"line":4,"column":73}},"3":{"start":{"line":5,"column":150},"end":{"line":5,"column":193}},"4":{"start":{"line":6,"column":34},"end":{"line":6,"column":81}},"5":{"start":{"line":8,"column":21},"end":{"line":8,"column":54}},"6":{"start":{"line":9,"column":25},"end":{"line":9,"column":65}},"7":{"start":{"line":10,"column":22},"end":{"line":10,"column":53}},"8":{"start":{"line":11,"column":29},"end":{"line":11,"column":67}},"9":{"start":{"line":13,"column":25},"end":{"line":13,"column":67}},"10":{"start":{"line":16,"column":55},"end":{"line":16,"column":92}},"11":{"start":{"line":17,"column":60},"end":{"line":17,"column":89}},"12":{"start":{"line":18,"column":19},"end":{"line":18,"column":56}},"13":{"start":{"line":19,"column":44},"end":{"line":19,"column":80}},"14":{"start":{"line":20,"column":19},"end":{"line":20,"column":58}},"15":{"start":{"line":23,"column":0},"end":{"line":23,"column":35}},"16":{"start":{"line":24,"column":0},"end":{"line":24,"column":91}},"17":{"start":{"line":26,"column":0},"end":{"line":26,"column":90}},"18":{"start":{"line":27,"column":0},"end":{"line":27,"column":98}},"19":{"start":{"line":28,"column":0},"end":{"line":28,"column":90}},"20":{"start":{"line":29,"column":0},"end":{"line":29,"column":96}},"21":{"start":{"line":30,"column":0},"end":{"line":30,"column":99}},"22":{"start":{"line":32,"column":0},"end":{"line":32,"column":96}},"23":{"start":{"line":34,"column":0},"end":{"line":34,"column":117}},"24":{"start":{"line":36,"column":0},"end":{"line":36,"column":94}},"25":{"start":{"line":37,"column":0},"end":{"line":37,"column":97}},"26":{"start":{"line":41,"column":0},"end":{"line":41,"column":82}},"27":{"start":{"line":42,"column":0},"end":{"line":42,"column":34}},"28":{"start":{"line":43,"column":0},"end":{"line":43,"column":41}},"29":{"start":{"line":45,"column":0},"end":{"line":45,"column":84}},"30":{"start":{"line":48,"column":0},"end":{"line":48,"column":69}},"31":{"start":{"line":49,"column":0},"end":{"line":49,"column":117}},"32":{"start":{"line":54,"column":0},"end":{"line":54,"column":103}},"33":{"start":{"line":56,"column":0},"end":{"line":56,"column":85}},"34":{"start":{"line":57,"column":0},"end":{"line":57,"column":92}},"35":{"start":{"line":60,"column":0},"end":{"line":60,"column":99}},"36":{"start":{"line":61,"column":0},"end":{"line":61,"column":93}},"37":{"start":{"line":64,"column":0},"end":{"line":64,"column":114}},"38":{"start":{"line":65,"column":0},"end":{"line":65,"column":117}},"39":{"start":{"line":66,"column":0},"end":{"line":66,"column":121}},"40":{"start":{"line":70,"column":0},"end":{"line":70,"column":52}},"41":{"start":{"line":71,"column":0},"end":{"line":71,"column":111}},"42":{"start":{"line":74,"column":0},"end":{"line":76,"column":2}},"43":{"start":{"line":75,"column":2},"end":{"line":75,"column":38}},"44":{"start":{"line":79,"column":0},"end":{"line":79,"column":40}},"45":{"start":{"line":81,"column":0},"end":{"line":81,"column":54}},"46":{"start":{"line":91,"column":0},"end":{"line":91,"column":21}},"47":{"start":{"line":93,"column":0},"end":{"line":93,"column":22}}},"fnMap":{"0":{"name":"(anonymous_0)","decl":{"start":{"line":74,"column":27},"end":{"line":74,"column":28}},"loc":{"start":{"line":74,"column":47},"end":{"line":76,"column":1}},"line":74}},"branchMap":{},"s":{"0":2,"1":2,"2":2,"3":2,"4":2,"5":2,"6":2,"7":2,"8":2,"9":2,"10":2,"11":2,"12":2,"13":2,"14":2,"15":2,"16":2,"17":2,"18":2,"19":2,"20":2,"21":2,"22":2,"23":2,"24":2,"25":2,"26":2,"27":2,"28":2,"29":2,"30":2,"31":2,"32":2,"33":2,"34":2,"35":2,"36":2,"37":2,"38":2,"39":2,"40":2,"41":2,"42":2,"43":0,"44":2,"45":2,"46":2,"47":2},"f":{"0":0},"b":{},"_coverageSchema":"1a1c01bbd47fc00a2c39e90264f33305004495a9","hash":"3d8002be18f0120de590c29373aa5db7ef25a4e3"}
}
