TN:
SF:app.js
FNF:0
FNH:0
DA:1,2
DA:2,2
DA:4,2
DA:5,2
DA:6,2
DA:7,2
DA:8,2
DA:10,2
DA:11,2
DA:12,2
DA:13,2
DA:14,2
DA:16,2
DA:18,2
LF:14
LH:14
BRDA:1,0,0,2
BRDA:1,0,1,0
BRF:2
BRH:1
end_of_record
TN:
SF:apis/midtransController.js
FN:6,(anonymous_0)
FN:46,(anonymous_1)
FNF:2
FNH:0
FNDA:0,(anonymous_0)
FNDA:0,(anonymous_1)
DA:1,2
DA:2,2
DA:4,2
DA:6,2
DA:8,0
DA:10,0
DA:12,0
DA:18,0
DA:20,0
DA:27,0
DA:35,0
DA:37,0
DA:42,0
DA:46,2
DA:48,0
DA:50,0
DA:52,0
DA:54,0
DA:60,0
DA:62,0
DA:64,0
DA:70,0
DA:77,0
DA:80,0
DA:81,0
DA:84,0
DA:87,0
DA:88,0
DA:90,0
DA:93,0
DA:95,0
DA:106,0
DA:117,0
DA:119,0
DA:124,0
DA:125,0
DA:129,2
LF:37
LH:6
BRDA:52,0,0,0
BRDA:52,0,1,0
BRDA:60,1,0,0
BRDA:60,1,1,0
BRDA:80,2,0,0
BRDA:80,2,1,0
BRDA:84,3,0,0
BRDA:84,3,1,0
BRDA:84,4,0,0
BRDA:84,4,1,0
BRDA:84,4,2,0
BRDA:88,5,0,0
BRDA:88,5,1,0
BRDA:88,6,0,0
BRDA:88,6,1,0
BRDA:93,7,0,0
BRDA:93,7,1,0
BRF:17
BRH:0
end_of_record
TN:
SF:controllers/clientCart.js
FN:5,(anonymous_0)
FN:21,(anonymous_1)
FNF:2
FNH:0
FNDA:0,(anonymous_0)
FNDA:0,(anonymous_1)
DA:1,2
DA:3,2
DA:5,2
DA:6,0
DA:7,0
DA:8,0
DA:9,0
DA:10,0
DA:11,0
DA:12,0
DA:13,0
DA:14,0
DA:16,0
DA:17,0
DA:21,2
DA:22,0
DA:23,0
DA:24,0
DA:25,0
DA:26,0
DA:27,0
DA:29,0
DA:30,0
DA:31,0
DA:33,0
DA:34,0
LF:26
LH:4
BRDA:26,0,0,0
BRDA:26,0,1,0
BRF:2
BRH:0
end_of_record
TN:
SF:controllers/clientController.js
FN:7,(anonymous_0)
FN:39,(anonymous_1)
FN:71,(anonymous_2)
FN:99,(anonymous_3)
FN:155,(anonymous_4)
FN:184,(anonymous_5)
FNF:6
FNH:4
FNDA:16,(anonymous_0)
FNDA:7,(anonymous_1)
FNDA:1,(anonymous_2)
FNDA:9,(anonymous_3)
FNDA:0,(anonymous_4)
FNDA:0,(anonymous_5)
DA:1,2
DA:2,2
DA:3,2
DA:4,2
DA:5,2
DA:7,2
DA:8,16
DA:10,16
DA:11,16
DA:12,16
DA:14,11
DA:16,11
DA:26,1
DA:27,1
DA:33,15
DA:34,15
DA:35,15
DA:39,2
DA:40,7
DA:41,7
DA:42,7
DA:43,4
DA:48,3
DA:54,3
DA:56,1
DA:58,1
DA:60,1
DA:62,1
DA:64,1
DA:66,6
DA:67,6
DA:71,2
DA:72,1
DA:74,1
DA:90,1
DA:91,1
DA:93,1
DA:95,0
DA:99,2
DA:101,9
DA:103,9
DA:104,9
DA:121,9
DA:123,9
DA:125,9
DA:131,6
DA:145,1
DA:147,1
DA:148,1
DA:150,8
DA:151,8
DA:155,2
DA:156,0
DA:158,0
DA:174,0
DA:175,0
DA:176,0
DA:178,0
DA:180,0
DA:184,2
DA:186,0
DA:188,0
DA:190,0
DA:192,0
DA:212,0
DA:214,0
DA:217,0
DA:221,2
LF:68
LH:53
BRDA:14,0,0,0
BRDA:14,0,1,11
BRDA:42,1,0,4
BRDA:42,1,1,3
BRDA:42,2,0,7
BRDA:42,2,1,5
BRDA:54,3,0,2
BRDA:54,3,1,1
BRDA:58,4,0,0
BRDA:58,4,1,1
BRDA:91,5,0,0
BRDA:91,5,1,1
BRDA:121,6,0,0
BRDA:121,6,1,9
BRDA:174,7,0,0
BRDA:174,7,1,0
BRDA:190,8,0,0
BRDA:190,8,1,0
BRDA:212,9,0,0
BRDA:212,9,1,0
BRF:20
BRH:10
end_of_record
TN:
SF:controllers/cmsController.js
FN:6,(anonymous_0)
FN:38,(anonymous_1)
FNF:2
FNH:0
FNDA:0,(anonymous_0)
FNDA:0,(anonymous_1)
DA:1,2
DA:2,2
DA:3,2
DA:4,2
DA:6,2
DA:7,0
DA:9,0
DA:10,0
DA:11,0
DA:13,0
DA:15,0
DA:25,0
DA:26,0
DA:32,0
DA:33,0
DA:34,0
DA:38,2
DA:39,0
DA:40,0
DA:42,0
DA:48,0
DA:49,0
DA:51,0
DA:53,0
DA:55,0
DA:57,0
DA:59,0
DA:61,0
DA:62,0
DA:66,2
LF:30
LH:7
BRDA:13,0,0,0
BRDA:13,0,1,0
BRDA:48,1,0,0
BRDA:48,1,1,0
BRDA:49,2,0,0
BRDA:49,2,1,0
BRDA:53,3,0,0
BRDA:53,3,1,0
BRF:8
BRH:0
end_of_record
TN:
SF:controllers/doctorController.js
FN:9,(anonymous_0)
FN:41,(anonymous_1)
FN:44,(anonymous_2)
FN:47,(anonymous_3)
FN:50,(anonymous_4)
FNF:5
FNH:0
FNDA:0,(anonymous_0)
FNDA:0,(anonymous_1)
FNDA:0,(anonymous_2)
FNDA:0,(anonymous_3)
FNDA:0,(anonymous_4)
DA:5,2
DA:6,2
DA:12,0
DA:13,0
DA:14,0
DA:15,0
DA:16,0
DA:18,0
DA:19,0
DA:20,0
DA:35,0
DA:37,0
DA:38,0
DA:52,0
DA:53,0
DA:54,0
DA:55,0
DA:61,0
DA:62,0
DA:63,0
DA:68,0
DA:69,0
DA:74,2
LF:23
LH:3
BRDA:15,0,0,0
BRDA:15,0,1,0
BRDA:53,1,0,0
BRDA:53,1,1,0
BRDA:62,2,0,0
BRDA:62,2,1,0
BRF:6
BRH:0
end_of_record
TN:
SF:controllers/productController.js
FN:5,(anonymous_0)
FN:21,(anonymous_1)
FN:42,(anonymous_2)
FN:55,(anonymous_3)
FN:90,(anonymous_4)
FN:113,(anonymous_5)
FN:129,(anonymous_6)
FN:143,(anonymous_7)
FN:173,(anonymous_8)
FNF:9
FNH:5
FNDA:5,(anonymous_0)
FNDA:2,(anonymous_1)
FNDA:2,(anonymous_2)
FNDA:6,(anonymous_3)
FNDA:2,(anonymous_4)
FNDA:0,(anonymous_5)
FNDA:0,(anonymous_6)
FNDA:0,(anonymous_7)
FNDA:0,(anonymous_8)
DA:1,2
DA:3,2
DA:5,2
DA:6,5
DA:7,5
DA:8,5
DA:9,5
DA:10,5
DA:11,1
DA:12,1
DA:15,4
DA:16,4
DA:21,2
DA:22,2
DA:23,2
DA:33,2
DA:34,0
DA:36,2
DA:38,0
DA:42,2
DA:43,2
DA:44,2
DA:45,2
DA:46,2
DA:47,1
DA:49,1
DA:51,1
DA:55,2
DA:56,6
DA:57,6
DA:59,6
DA:60,6
DA:61,6
DA:62,6
DA:63,2
DA:65,4
DA:66,2
DA:68,2
DA:69,1
DA:72,1
DA:75,1
DA:76,1
DA:78,0
DA:79,0
DA:80,0
DA:84,5
DA:85,5
DA:90,2
DA:91,2
DA:92,2
DA:93,2
DA:94,2
DA:95,0
DA:98,2
DA:99,2
DA:100,1
DA:102,1
DA:103,1
DA:104,1
DA:107,1
DA:108,1
DA:113,2
DA:114,0
DA:115,0
DA:116,0
DA:117,0
DA:118,0
DA:119,0
DA:120,0
DA:123,0
DA:124,0
DA:129,2
DA:130,0
DA:131,0
DA:132,0
DA:133,0
DA:134,0
DA:135,0
DA:137,0
DA:139,0
DA:143,2
DA:144,0
DA:145,0
DA:146,0
DA:147,0
DA:148,0
DA:149,0
DA:150,0
DA:151,0
DA:152,0
DA:154,0
DA:155,0
DA:156,0
DA:158,0
DA:159,0
DA:160,0
DA:161,0
DA:163,0
DA:164,0
DA:165,0
DA:168,0
DA:169,0
DA:173,2
DA:174,0
DA:175,0
DA:176,0
DA:177,0
DA:178,0
DA:180,0
DA:181,0
DA:182,0
DA:184,0
DA:185,0
DA:186,0
DA:190,0
DA:191,0
LF:116
LH:59
BRDA:33,0,0,0
BRDA:33,0,1,2
BRDA:46,1,0,1
BRDA:46,1,1,1
BRDA:62,2,0,2
BRDA:62,2,1,4
BRDA:62,3,0,6
BRDA:62,3,1,4
BRDA:65,4,0,2
BRDA:65,4,1,2
BRDA:65,5,0,4
BRDA:65,5,1,2
BRDA:68,6,0,1
BRDA:68,6,1,1
BRDA:68,7,0,2
BRDA:68,7,1,1
BRDA:75,8,0,1
BRDA:75,8,1,0
BRDA:94,9,0,0
BRDA:94,9,1,2
BRDA:94,10,0,2
BRDA:94,10,1,2
BRDA:99,11,0,1
BRDA:99,11,1,1
BRDA:134,12,0,0
BRDA:134,12,1,0
BRDA:148,13,0,0
BRDA:148,13,1,0
BRDA:148,14,0,0
BRDA:148,14,1,0
BRDA:151,15,0,0
BRDA:151,15,1,0
BRDA:160,16,0,0
BRDA:160,16,1,0
BRDA:177,17,0,0
BRDA:177,17,1,0
BRDA:177,18,0,0
BRDA:177,18,1,0
BRDA:181,19,0,0
BRDA:181,19,1,0
BRF:40
BRH:21
end_of_record
TN:
SF:controllers/transactionController.js
FN:6,(anonymous_0)
FN:36,(anonymous_1)
FN:74,(anonymous_2)
FN:115,(anonymous_3)
FN:148,(anonymous_4)
FN:191,(anonymous_5)
FN:227,(anonymous_6)
FN:244,(anonymous_7)
FNF:8
FNH:0
FNDA:0,(anonymous_0)
FNDA:0,(anonymous_1)
FNDA:0,(anonymous_2)
FNDA:0,(anonymous_3)
FNDA:0,(anonymous_4)
FNDA:0,(anonymous_5)
FNDA:0,(anonymous_6)
FNDA:0,(anonymous_7)
DA:1,2
DA:2,2
DA:6,2
DA:8,0
DA:10,0
DA:18,0
DA:24,0
DA:26,0
DA:29,0
DA:30,0
DA:36,2
DA:38,0
DA:40,0
DA:62,0
DA:63,0
DA:65,0
DA:69,0
DA:70,0
DA:74,2
DA:76,0
DA:78,0
DA:103,0
DA:104,0
DA:106,0
DA:110,0
DA:111,0
DA:115,2
DA:117,0
DA:119,0
DA:141,0
DA:143,0
DA:148,0
DA:149,0
DA:150,0
DA:153,0
DA:162,0
DA:163,0
DA:164,0
DA:171,0
DA:173,0
DA:180,0
DA:182,0
DA:186,0
DA:187,0
DA:191,2
DA:193,0
DA:195,0
DA:207,0
DA:209,0
DA:218,0
DA:220,0
DA:223,0
DA:227,2
DA:229,0
DA:231,0
DA:237,0
DA:240,0
DA:244,2
DA:245,0
DA:247,0
DA:249,0
DA:251,0
DA:257,0
DA:261,0
DA:262,0
DA:265,0
DA:268,0
DA:269,0
DA:271,0
DA:274,0
DA:276,0
DA:287,0
DA:295,0
DA:298,0
DA:299,0
DA:305,2
LF:76
LH:10
BRDA:62,0,0,0
BRDA:62,0,1,0
BRDA:103,1,0,0
BRDA:103,1,1,0
BRDA:141,2,0,0
BRDA:141,2,1,0
BRDA:162,3,0,0
BRDA:162,3,1,0
BRDA:207,4,0,0
BRDA:207,4,1,0
BRDA:257,5,0,0
BRDA:257,5,1,0
BRDA:261,6,0,0
BRDA:261,6,1,0
BRDA:265,7,0,0
BRDA:265,7,1,0
BRDA:265,8,0,0
BRDA:265,8,1,0
BRDA:265,8,2,0
BRDA:269,9,0,0
BRDA:269,9,1,0
BRDA:269,10,0,0
BRDA:269,10,1,0
BRDA:274,11,0,0
BRDA:274,11,1,0
BRF:25
BRH:0
end_of_record
TN:
SF:controllers/videoDaily.js
FN:11,(anonymous_0)
FN:16,(anonymous_1)
FN:19,(anonymous_2)
FN:22,(anonymous_3)
FN:37,(anonymous_4)
FN:38,(anonymous_5)
FN:41,(anonymous_6)
FN:44,(anonymous_7)
FNF:8
FNH:0
FNDA:0,(anonymous_0)
FNDA:0,(anonymous_1)
FNDA:0,(anonymous_2)
FNDA:0,(anonymous_3)
FNDA:0,(anonymous_4)
FNDA:0,(anonymous_5)
FNDA:0,(anonymous_6)
FNDA:0,(anonymous_7)
DA:1,2
DA:3,2
DA:5,2
DA:11,2
DA:12,0
DA:17,0
DA:19,0
DA:22,2
DA:23,0
DA:37,0
DA:39,0
DA:41,0
DA:44,2
DA:45,0
DA:47,0
DA:49,0
DA:50,0
DA:51,0
DA:52,0
DA:54,0
DA:58,0
DA:59,0
DA:63,2
LF:23
LH:7
BRDA:50,0,0,0
BRDA:50,0,1,0
BRF:2
BRH:0
end_of_record
TN:
SF:helpers/bycrpt.js
FN:3,(anonymous_0)
FN:7,(anonymous_1)
FNF:2
FNH:2
FNDA:15,(anonymous_0)
FNDA:1,(anonymous_1)
DA:1,2
DA:3,2
DA:4,15
DA:7,2
DA:8,1
DA:11,2
LF:6
LH:6
BRF:0
BRH:0
end_of_record
TN:
SF:helpers/imagekit.js
FN:1,(anonymous_0)
FN:16,(anonymous_1)
FNF:2
FNH:0
FNDA:0,(anonymous_0)
FNDA:0,(anonymous_1)
DA:1,2
DA:2,0
DA:3,0
DA:5,0
DA:6,0
DA:8,0
DA:9,0
DA:11,0
DA:12,0
DA:16,2
DA:17,0
DA:18,0
DA:21,0
DA:22,0
DA:24,0
DA:25,0
DA:29,2
LF:17
LH:3
BRDA:2,0,0,0
BRDA:2,0,1,0
BRDA:5,1,0,0
BRDA:5,1,1,0
BRDA:8,2,0,0
BRDA:8,2,1,0
BRDA:11,3,0,0
BRDA:11,3,1,0
BRDA:11,4,0,0
BRDA:11,4,1,0
BRDA:11,4,2,0
BRDA:17,5,0,0
BRDA:17,5,1,0
BRDA:21,6,0,0
BRDA:21,6,1,0
BRDA:24,7,0,0
BRDA:24,7,1,0
BRDA:24,8,0,0
BRDA:24,8,1,0
BRDA:24,8,2,0
BRF:20
BRH:0
end_of_record
TN:
SF:helpers/jwt.js
FN:3,(anonymous_0)
FN:7,(anonymous_1)
FNF:2
FNH:2
FNDA:5,(anonymous_0)
FNDA:31,(anonymous_1)
DA:1,2
DA:3,2
DA:4,5
DA:7,2
DA:8,31
DA:11,2
LF:6
LH:6
BRF:0
BRH:0
end_of_record
TN:
SF:middlewere/auth.js
FN:5,(anonymous_0)
FN:29,(anonymous_1)
FN:56,(anonymous_2)
FNF:3
FNH:3
FNDA:36,(anonymous_0)
FNDA:27,(anonymous_1)
FNDA:17,(anonymous_2)
DA:2,2
DA:3,2
DA:5,2
DA:6,36
DA:7,36
DA:9,36
DA:11,31
DA:13,28
DA:15,28
DA:17,28
DA:19,27
DA:21,27
DA:23,9
DA:24,9
DA:29,2
DA:30,27
DA:32,27
DA:34,27
DA:39,27
DA:44,27
DA:46,27
DA:50,0
DA:56,2
DA:57,17
DA:58,17
DA:60,17
DA:64,0
DA:70,2
LF:28
LH:26
BRDA:9,0,0,5
BRDA:9,0,1,31
BRDA:13,1,0,0
BRDA:13,1,1,28
BRDA:13,2,0,28
BRDA:13,2,1,28
BRDA:17,3,0,1
BRDA:17,3,1,27
BRDA:44,4,0,0
BRDA:44,4,1,27
BRDA:58,5,0,0
BRDA:58,5,1,17
BRF:12
BRH:9
end_of_record
TN:
SF:middlewere/errorHandler.js
FN:3,(anonymous_0)
FNF:1
FNH:1
FNDA:49,(anonymous_0)
DA:3,2
DA:5,49
DA:8,49
DA:9,49
DA:11,49
DA:13,27
DA:14,27
DA:15,22
DA:16,8
DA:17,8
DA:18,14
DA:19,2
DA:20,2
DA:21,12
DA:24,9
DA:25,9
DA:26,3
DA:27,0
DA:28,0
DA:29,3
DA:30,3
DA:31,3
DA:32,0
DA:33,0
DA:34,0
DA:35,0
DA:36,0
DA:37,0
DA:38,0
DA:39,0
DA:40,0
DA:41,0
DA:42,0
DA:43,0
DA:44,0
DA:45,0
DA:46,0
DA:47,0
DA:48,0
DA:49,0
DA:50,0
DA:51,0
DA:52,0
DA:55,49
DA:59,2
LF:45
LH:22
BRDA:11,0,0,27
BRDA:11,0,1,22
BRDA:11,1,0,49
BRDA:11,1,1,48
BRDA:15,2,0,8
BRDA:15,2,1,14
BRDA:18,3,0,2
BRDA:18,3,1,12
BRDA:21,4,0,9
BRDA:21,4,1,3
BRDA:21,5,0,12
BRDA:21,5,1,6
BRDA:21,5,2,6
BRDA:26,6,0,0
BRDA:26,6,1,3
BRDA:29,7,0,3
BRDA:29,7,1,0
BRDA:32,8,0,0
BRDA:32,8,1,0
BRDA:35,9,0,0
BRDA:35,9,1,0
BRDA:38,10,0,0
BRDA:38,10,1,0
BRDA:41,11,0,0
BRDA:41,11,1,0
BRDA:44,12,0,0
BRDA:44,12,1,0
BRDA:47,13,0,0
BRDA:47,13,1,0
BRDA:50,14,0,0
BRDA:50,14,1,0
BRF:31
BRH:15
end_of_record
TN:
SF:middlewere/imageKit.js
FN:5,(anonymous_0)
FNF:1
FNH:0
FNDA:0,(anonymous_0)
DA:1,2
DA:2,2
DA:3,2
DA:5,2
DA:6,0
DA:7,0
DA:8,0
DA:9,0
DA:10,0
DA:11,0
DA:12,0
DA:13,0
DA:14,0
DA:21,0
DA:29,0
DA:31,0
DA:33,0
DA:37,2
LF:18
LH:5
BRDA:7,0,0,0
BRDA:7,0,1,0
BRF:2
BRH:0
end_of_record
TN:
SF:middlewere/imageKitProfile.js
FN:5,(anonymous_0)
FNF:1
FNH:1
FNDA:25,(anonymous_0)
DA:1,2
DA:2,2
DA:3,2
DA:5,2
DA:6,25
DA:7,25
DA:8,0
DA:9,0
DA:10,0
DA:11,0
DA:12,0
DA:13,0
DA:19,0
DA:23,0
DA:25,25
DA:27,0
DA:28,0
DA:32,2
LF:18
LH:8
BRDA:7,0,0,0
BRDA:7,0,1,25
BRF:2
BRH:1
end_of_record
TN:
SF:middlewere/multer.js
FNF:0
FNH:0
DA:1,2
DA:2,2
DA:3,2
DA:5,2
DA:7,2
LF:5
LH:5
BRF:0
BRH:0
end_of_record
TN:
SF:middlewere/multerProfile.js
FNF:0
FNH:0
DA:1,2
DA:2,2
DA:3,2
DA:4,2
DA:5,2
LF:5
LH:5
BRF:0
BRH:0
end_of_record
TN:
SF:models/detailproduct.js
FN:5,(anonymous_0)
FN:12,(anonymous_1)
FNF:2
FNH:2
FNDA:2,(anonymous_0)
FNDA:2,(anonymous_1)
DA:4,2
DA:5,2
DA:14,2
DA:17,2
DA:77,2
LF:5
LH:5
BRF:0
BRH:0
end_of_record
TN:
SF:models/index.js
FN:20,(anonymous_0)
FN:23,(anonymous_1)
FN:28,(anonymous_2)
FNF:3
FNH:3
FNDA:18,(anonymous_0)
FNDA:16,(anonymous_1)
FNDA:16,(anonymous_2)
DA:3,2
DA:4,2
DA:5,2
DA:6,2
DA:7,2
DA:8,2
DA:9,2
DA:12,2
DA:13,0
DA:15,2
DA:18,2
DA:21,18
DA:24,16
DA:25,16
DA:28,2
DA:29,16
DA:30,16
DA:34,2
DA:35,2
DA:37,2
LF:20
LH:19
BRDA:7,0,0,2
BRDA:7,0,1,0
BRDA:12,1,0,0
BRDA:12,1,1,2
BRDA:21,2,0,18
BRDA:21,2,1,18
BRDA:21,2,2,16
BRDA:29,3,0,16
BRDA:29,3,1,0
BRF:9
BRH:6
end_of_record
TN:
SF:models/orderproduct.js
FN:5,(anonymous_0)
FN:12,(anonymous_1)
FNF:2
FNH:2
FNDA:2,(anonymous_0)
FNDA:2,(anonymous_1)
DA:4,2
DA:5,2
DA:14,2
DA:18,2
DA:23,2
DA:31,2
LF:6
LH:6
BRF:0
BRH:0
end_of_record
TN:
SF:models/product.js
FN:5,(anonymous_0)
FN:12,(anonymous_1)
FNF:2
FNH:2
FNDA:2,(anonymous_0)
FNDA:2,(anonymous_1)
DA:4,2
DA:5,2
DA:14,2
DA:17,2
DA:38,2
LF:5
LH:5
BRF:0
BRH:0
end_of_record
TN:
SF:models/profile.js
FN:5,(anonymous_0)
FN:12,(anonymous_1)
FNF:2
FNH:2
FNDA:2,(anonymous_0)
FNDA:2,(anonymous_1)
DA:4,2
DA:5,2
DA:14,2
DA:18,2
DA:66,2
LF:5
LH:5
BRF:0
BRH:0
end_of_record
TN:
SF:models/schedule.js
FN:5,(anonymous_0)
FN:12,(anonymous_1)
FNF:2
FNH:2
FNDA:2,(anonymous_0)
FNDA:2,(anonymous_1)
DA:4,2
DA:5,2
DA:14,2
DA:17,2
DA:28,2
LF:5
LH:5
BRF:0
BRH:0
end_of_record
TN:
SF:models/transaction.js
FN:5,(anonymous_0)
FN:12,(anonymous_1)
FNF:2
FNH:2
FNDA:2,(anonymous_0)
FNDA:2,(anonymous_1)
DA:4,2
DA:5,2
DA:16,2
DA:25,2
LF:4
LH:4
BRF:0
BRH:0
end_of_record
TN:
SF:models/user.js
FN:7,(anonymous_0)
FN:14,(anonymous_1)
FN:42,(anonymous_2)
FNF:3
FNH:3
FNDA:2,(anonymous_0)
FNDA:2,(anonymous_1)
FNDA:15,(anonymous_2)
DA:2,2
DA:6,2
DA:7,2
DA:16,2
DA:17,2
DA:20,2
DA:43,15
DA:49,2
LF:8
LH:8
BRF:0
BRH:0
end_of_record
TN:
SF:models/voucher.js
FN:5,(anonymous_0)
FN:12,(anonymous_1)
FNF:2
FNH:2
FNDA:2,(anonymous_0)
FNDA:2,(anonymous_1)
DA:4,2
DA:5,2
DA:16,2
DA:26,2
LF:4
LH:4
BRF:0
BRH:0
end_of_record
TN:
SF:routes/index.js
FN:74,(anonymous_0)
FNF:1
FNH:0
FNDA:0,(anonymous_0)
DA:1,2
DA:3,2
DA:4,2
DA:5,2
DA:6,2
DA:8,2
DA:9,2
DA:10,2
DA:11,2
DA:13,2
DA:16,2
DA:17,2
DA:18,2
DA:19,2
DA:20,2
DA:23,2
DA:24,2
DA:26,2
DA:27,2
DA:28,2
DA:29,2
DA:30,2
DA:32,2
DA:34,2
DA:36,2
DA:37,2
DA:41,2
DA:42,2
DA:43,2
DA:45,2
DA:48,2
DA:49,2
DA:54,2
DA:56,2
DA:57,2
DA:60,2
DA:61,2
DA:64,2
DA:65,2
DA:66,2
DA:70,2
DA:71,2
DA:74,2
DA:75,0
DA:79,2
DA:81,2
DA:91,2
DA:93,2
LF:48
LH:47
BRF:0
BRH:0
end_of_record
