TN:
SF:app.js
FNF:0
FNH:0
DA:1,4
DA:2,4
DA:4,4
DA:5,4
DA:6,4
DA:7,4
DA:8,4
DA:10,4
DA:11,4
DA:12,4
DA:13,4
DA:14,4
DA:16,4
DA:18,4
LF:14
LH:14
BRDA:1,0,0,4
BRDA:1,0,1,0
BRF:2
BRH:1
end_of_record
TN:
SF:apis/midtransController.js
FN:6,(anonymous_0)
FN:50,(anonymous_1)
FNF:2
FNH:0
FNDA:0,(anonymous_0)
FNDA:0,(anonymous_1)
DA:1,4
DA:2,4
DA:4,4
DA:6,4
DA:8,0
DA:9,0
DA:10,0
DA:12,0
DA:18,0
DA:20,0
DA:26,0
DA:28,0
DA:36,0
DA:38,0
DA:40,0
DA:45,0
DA:46,0
DA:50,4
DA:52,0
DA:54,0
DA:55,0
DA:57,0
DA:59,0
DA:65,0
DA:67,0
DA:69,0
DA:75,0
DA:82,0
DA:85,0
DA:86,0
DA:89,0
DA:92,0
DA:93,0
DA:95,0
DA:98,0
DA:100,0
DA:111,0
DA:122,0
DA:124,0
DA:129,0
DA:130,0
DA:134,4
LF:42
LH:6
BRDA:57,0,0,0
BRDA:57,0,1,0
BRDA:65,1,0,0
BRDA:65,1,1,0
BRDA:85,2,0,0
BRDA:85,2,1,0
BRDA:89,3,0,0
BRDA:89,3,1,0
BRDA:89,4,0,0
BRDA:89,4,1,0
BRDA:89,4,2,0
BRDA:93,5,0,0
BRDA:93,5,1,0
BRDA:93,6,0,0
BRDA:93,6,1,0
BRDA:98,7,0,0
BRDA:98,7,1,0
BRF:17
BRH:0
end_of_record
TN:
SF:controllers/clientCart.js
FN:6,(anonymous_0)
FN:24,(anonymous_1)
FNF:2
FNH:0
FNDA:0,(anonymous_0)
FNDA:0,(anonymous_1)
DA:1,4
DA:2,4
DA:4,4
DA:6,4
DA:7,0
DA:8,0
DA:9,0
DA:10,0
DA:11,0
DA:12,0
DA:14,0
DA:15,0
DA:16,0
DA:17,0
DA:19,0
DA:20,0
DA:24,4
DA:25,0
DA:26,0
DA:27,0
DA:28,0
DA:29,0
DA:30,0
DA:32,0
DA:33,0
DA:34,0
DA:36,0
DA:37,0
LF:28
LH:5
BRDA:11,0,0,0
BRDA:11,0,1,0
BRDA:29,1,0,0
BRDA:29,1,1,0
BRF:4
BRH:0
end_of_record
TN:
SF:controllers/clientController.js
FN:8,(anonymous_0)
FN:40,(anonymous_1)
FN:73,(anonymous_2)
FN:101,(anonymous_3)
FN:157,(anonymous_4)
FN:190,(anonymous_5)
FNF:6
FNH:6
FNDA:16,(anonymous_0)
FNDA:22,(anonymous_1)
FNDA:2,(anonymous_2)
FNDA:18,(anonymous_3)
FNDA:2,(anonymous_4)
FNDA:2,(anonymous_5)
DA:1,4
DA:2,4
DA:3,4
DA:4,4
DA:5,4
DA:6,4
DA:8,4
DA:9,16
DA:11,16
DA:12,16
DA:13,16
DA:15,11
DA:17,11
DA:27,1
DA:28,1
DA:34,15
DA:35,15
DA:36,15
DA:40,4
DA:41,22
DA:42,22
DA:43,22
DA:44,22
DA:45,12
DA:50,10
DA:56,10
DA:57,4
DA:58,4
DA:60,4
DA:62,3
DA:64,3
DA:66,3
DA:68,19
DA:69,19
DA:73,4
DA:74,2
DA:76,2
DA:92,2
DA:94,2
DA:96,0
DA:101,4
DA:103,18
DA:105,18
DA:106,18
DA:123,18
DA:125,18
DA:127,18
DA:133,12
DA:147,2
DA:149,2
DA:150,2
DA:152,16
DA:153,16
DA:157,4
DA:158,2
DA:160,2
DA:177,2
DA:178,0
DA:181,2
DA:185,0
DA:190,4
DA:191,2
DA:192,2
DA:193,2
DA:212,2
DA:213,0
DA:215,2
DA:219,4
LF:68
LH:64
BRDA:15,0,0,0
BRDA:15,0,1,11
BRDA:44,1,0,12
BRDA:44,1,1,10
BRDA:44,2,0,22
BRDA:44,2,1,16
BRDA:56,3,0,6
BRDA:56,3,1,4
BRDA:60,4,0,1
BRDA:60,4,1,3
BRDA:92,5,0,0
BRDA:92,5,1,2
BRDA:123,6,0,0
BRDA:123,6,1,18
BRDA:177,7,0,0
BRDA:177,7,1,2
BRDA:212,8,0,2
BRDA:212,8,1,0
BRF:18
BRH:13
end_of_record
TN:
SF:controllers/cmsController.js
FN:6,(anonymous_0)
FN:37,(anonymous_1)
FNF:2
FNH:1
FNDA:16,(anonymous_0)
FNDA:0,(anonymous_1)
DA:1,4
DA:2,4
DA:3,4
DA:4,4
DA:6,4
DA:7,16
DA:9,16
DA:10,16
DA:11,16
DA:12,11
DA:14,11
DA:23,1
DA:24,1
DA:25,1
DA:31,15
DA:32,15
DA:33,15
DA:37,4
DA:38,0
DA:39,0
DA:40,0
DA:46,0
DA:47,0
DA:49,0
DA:51,0
DA:53,0
DA:55,0
DA:57,0
DA:59,0
DA:60,0
DA:64,4
LF:31
LH:19
BRDA:12,0,0,0
BRDA:12,0,1,11
BRDA:46,1,0,0
BRDA:46,1,1,0
BRDA:47,2,0,0
BRDA:47,2,1,0
BRDA:51,3,0,0
BRDA:51,3,1,0
BRF:8
BRH:1
end_of_record
TN:
SF:controllers/doctorController.js
FN:9,(anonymous_0)
FN:40,(anonymous_1)
FN:58,(anonymous_2)
FN:80,(anonymous_3)
FN:103,(anonymous_4)
FNF:5
FNH:0
FNDA:0,(anonymous_0)
FNDA:0,(anonymous_1)
FNDA:0,(anonymous_2)
FNDA:0,(anonymous_3)
FNDA:0,(anonymous_4)
DA:5,4
DA:6,4
DA:12,0
DA:13,0
DA:14,0
DA:15,0
DA:17,0
DA:18,0
DA:19,0
DA:34,0
DA:36,0
DA:37,0
DA:41,0
DA:42,0
DA:43,0
DA:51,0
DA:52,0
DA:54,0
DA:55,0
DA:59,0
DA:60,0
DA:61,0
DA:62,0
DA:70,0
DA:74,0
DA:76,0
DA:77,0
DA:81,0
DA:82,0
DA:84,0
DA:85,0
DA:87,0
DA:90,0
DA:91,0
DA:96,0
DA:100,0
DA:105,0
DA:106,0
DA:107,0
DA:108,0
DA:114,0
DA:115,0
DA:116,0
DA:121,0
DA:122,0
DA:127,4
LF:46
LH:3
BRDA:14,0,0,0
BRDA:14,0,1,0
BRDA:85,1,0,0
BRDA:85,1,1,0
BRDA:90,2,0,0
BRDA:90,2,1,0
BRDA:106,3,0,0
BRDA:106,3,1,0
BRDA:115,4,0,0
BRDA:115,4,1,0
BRF:10
BRH:0
end_of_record
TN:
SF:controllers/productController.js
FN:6,(anonymous_0)
FN:28,(anonymous_1)
FN:51,(anonymous_2)
FN:110,(anonymous_3)
FN:146,(anonymous_4)
FN:169,(anonymous_5)
FN:195,(anonymous_6)
FN:209,(anonymous_7)
FN:248,(anonymous_8)
FNF:9
FNH:5
FNDA:4,(anonymous_0)
FNDA:4,(anonymous_1)
FNDA:19,(anonymous_2)
FNDA:6,(anonymous_3)
FNDA:0,(anonymous_4)
FNDA:0,(anonymous_5)
FNDA:0,(anonymous_6)
FNDA:5,(anonymous_7)
FNDA:0,(anonymous_8)
DA:1,4
DA:2,4
DA:4,4
DA:6,4
DA:7,4
DA:8,4
DA:18,4
DA:19,2
DA:21,2
DA:23,2
DA:24,2
DA:28,4
DA:29,4
DA:30,4
DA:31,4
DA:41,4
DA:42,2
DA:44,2
DA:46,2
DA:47,2
DA:51,4
DA:52,19
DA:53,19
DA:56,19
DA:58,19
DA:59,19
DA:60,19
DA:61,2
DA:63,17
DA:69,17
DA:70,1
DA:73,16
DA:76,14
DA:78,14
DA:79,14
DA:82,1
DA:84,1
DA:85,1
DA:104,18
DA:105,18
DA:110,4
DA:111,6
DA:113,6
DA:114,6
DA:115,6
DA:116,6
DA:117,6
DA:119,6
DA:120,5
DA:122,0
DA:123,0
DA:125,0
DA:126,0
DA:128,0
DA:131,0
DA:132,0
DA:134,0
DA:135,0
DA:136,0
DA:140,6
DA:141,6
DA:146,4
DA:147,0
DA:148,0
DA:149,0
DA:151,0
DA:153,0
DA:155,0
DA:156,0
DA:157,0
DA:159,0
DA:160,0
DA:161,0
DA:164,0
DA:165,0
DA:169,4
DA:170,0
DA:171,0
DA:172,0
DA:180,0
DA:181,0
DA:183,0
DA:184,0
DA:185,0
DA:186,0
DA:187,0
DA:190,0
DA:191,0
DA:195,4
DA:196,0
DA:197,0
DA:198,0
DA:199,0
DA:200,0
DA:201,0
DA:203,0
DA:205,0
DA:209,4
DA:210,5
DA:211,5
DA:212,5
DA:214,5
DA:215,5
DA:216,5
DA:217,0
DA:219,0
DA:220,0
DA:222,0
DA:223,0
DA:224,0
DA:226,0
DA:227,0
DA:228,0
DA:231,0
DA:232,0
DA:233,0
DA:234,0
DA:236,0
DA:237,0
DA:238,0
DA:242,0
DA:243,0
DA:244,0
DA:248,4
DA:249,0
DA:250,0
DA:251,0
DA:252,0
DA:254,0
DA:255,0
DA:257,0
DA:258,0
DA:259,0
DA:261,0
DA:262,0
DA:263,0
DA:267,0
DA:268,0
DA:269,0
LF:139
LH:62
BRDA:18,0,0,2
BRDA:18,0,1,2
BRDA:41,1,0,2
BRDA:41,1,1,2
BRDA:60,2,0,2
BRDA:60,2,1,17
BRDA:69,3,0,1
BRDA:69,3,1,16
BRDA:76,4,0,0
BRDA:76,4,1,14
BRDA:82,5,0,0
BRDA:82,5,1,1
BRDA:119,6,0,5
BRDA:119,6,1,0
BRDA:122,7,0,0
BRDA:122,7,1,0
BRDA:122,8,0,0
BRDA:122,8,1,0
BRDA:125,9,0,0
BRDA:125,9,1,0
BRDA:125,10,0,0
BRDA:125,10,1,0
BRDA:131,11,0,0
BRDA:131,11,1,0
BRDA:151,12,0,0
BRDA:151,12,1,0
BRDA:151,13,0,0
BRDA:151,13,1,0
BRDA:156,14,0,0
BRDA:156,14,1,0
BRDA:156,15,0,0
BRDA:156,15,1,0
BRDA:180,16,0,0
BRDA:180,16,1,0
BRDA:200,17,0,0
BRDA:200,17,1,0
BRDA:216,18,0,0
BRDA:216,18,1,5
BRDA:216,19,0,5
BRDA:216,19,1,5
BRDA:219,20,0,0
BRDA:219,20,1,0
BRDA:223,21,0,0
BRDA:223,21,1,0
BRDA:223,22,0,0
BRDA:223,22,1,0
BRDA:233,23,0,0
BRDA:233,23,1,0
BRDA:254,24,0,0
BRDA:254,24,1,0
BRDA:258,25,0,0
BRDA:258,25,1,0
BRF:52
BRH:14
end_of_record
TN:
SF:controllers/transactionController.js
FN:6,(anonymous_0)
FN:44,(anonymous_1)
FN:79,(anonymous_2)
FN:120,(anonymous_3)
FN:151,(anonymous_4)
FN:196,(anonymous_5)
FN:242,(anonymous_6)
FN:259,(anonymous_7)
FNF:8
FNH:0
FNDA:0,(anonymous_0)
FNDA:0,(anonymous_1)
FNDA:0,(anonymous_2)
FNDA:0,(anonymous_3)
FNDA:0,(anonymous_4)
FNDA:0,(anonymous_5)
FNDA:0,(anonymous_6)
FNDA:0,(anonymous_7)
DA:1,4
DA:2,4
DA:6,4
DA:8,0
DA:17,0
DA:21,0
DA:22,0
DA:25,0
DA:31,0
DA:37,0
DA:38,0
DA:44,4
DA:46,0
DA:48,0
DA:67,0
DA:68,0
DA:70,0
DA:74,0
DA:75,0
DA:79,4
DA:81,0
DA:83,0
DA:108,0
DA:109,0
DA:111,0
DA:115,0
DA:116,0
DA:120,4
DA:122,0
DA:124,0
DA:143,0
DA:144,0
DA:146,0
DA:151,0
DA:152,0
DA:153,0
DA:156,0
DA:165,0
DA:167,0
DA:168,0
DA:175,0
DA:178,0
DA:185,0
DA:187,0
DA:191,0
DA:192,0
DA:196,4
DA:198,0
DA:199,0
DA:222,0
DA:224,0
DA:233,0
DA:235,0
DA:238,0
DA:242,4
DA:244,0
DA:246,0
DA:252,0
DA:255,0
DA:259,4
DA:260,0
DA:262,0
DA:264,0
DA:266,0
DA:272,0
DA:276,0
DA:277,0
DA:280,0
DA:283,0
DA:284,0
DA:286,0
DA:289,0
DA:291,0
DA:302,0
DA:310,0
DA:311,0
DA:314,0
DA:315,0
DA:321,4
LF:79
LH:10
BRDA:21,0,0,0
BRDA:21,0,1,0
BRDA:67,1,0,0
BRDA:67,1,1,0
BRDA:108,2,0,0
BRDA:108,2,1,0
BRDA:143,3,0,0
BRDA:143,3,1,0
BRDA:165,4,0,0
BRDA:165,4,1,0
BRDA:222,5,0,0
BRDA:222,5,1,0
BRDA:272,6,0,0
BRDA:272,6,1,0
BRDA:276,7,0,0
BRDA:276,7,1,0
BRDA:280,8,0,0
BRDA:280,8,1,0
BRDA:280,9,0,0
BRDA:280,9,1,0
BRDA:280,9,2,0
BRDA:284,10,0,0
BRDA:284,10,1,0
BRDA:284,11,0,0
BRDA:284,11,1,0
BRDA:289,12,0,0
BRDA:289,12,1,0
BRF:27
BRH:0
end_of_record
TN:
SF:controllers/videoDaily.js
FN:18,(anonymous_0)
FN:23,(anonymous_1)
FN:26,(anonymous_2)
FN:29,(anonymous_3)
FNF:4
FNH:0
FNDA:0,(anonymous_0)
FNDA:0,(anonymous_1)
FNDA:0,(anonymous_2)
FNDA:0,(anonymous_3)
DA:1,4
DA:4,4
DA:6,4
DA:12,4
DA:18,4
DA:19,0
DA:24,0
DA:26,0
DA:29,4
DA:30,0
DA:31,0
DA:32,0
DA:33,0
DA:35,0
DA:37,0
DA:46,0
DA:51,0
DA:52,0
DA:56,4
LF:19
LH:7
BRF:0
BRH:0
end_of_record
TN:
SF:controllers/videoDailyOwner.js
FN:18,(anonymous_0)
FN:23,(anonymous_1)
FN:26,(anonymous_2)
FN:31,(anonymous_3)
FNF:4
FNH:0
FNDA:0,(anonymous_0)
FNDA:0,(anonymous_1)
FNDA:0,(anonymous_2)
FNDA:0,(anonymous_3)
DA:1,4
DA:4,4
DA:6,4
DA:12,4
DA:18,4
DA:19,0
DA:24,0
DA:26,0
DA:28,4
DA:31,4
DA:32,0
DA:33,0
DA:34,0
DA:35,0
DA:36,0
DA:37,0
DA:47,0
DA:50,0
DA:51,0
DA:55,4
LF:20
LH:8
BRF:0
BRH:0
end_of_record
TN:
SF:helpers/bycrpt.js
FN:3,(anonymous_0)
FN:7,(anonymous_1)
FNF:2
FNH:2
FNDA:31,(anonymous_0)
FNDA:4,(anonymous_1)
DA:1,4
DA:3,4
DA:4,31
DA:7,4
DA:8,4
DA:11,4
LF:6
LH:6
BRF:0
BRH:0
end_of_record
TN:
SF:helpers/imagekit.js
FN:1,(anonymous_0)
FN:16,(anonymous_1)
FNF:2
FNH:0
FNDA:0,(anonymous_0)
FNDA:0,(anonymous_1)
DA:1,4
DA:2,0
DA:3,0
DA:5,0
DA:6,0
DA:8,0
DA:9,0
DA:11,0
DA:12,0
DA:16,4
DA:17,0
DA:18,0
DA:21,0
DA:22,0
DA:24,0
DA:25,0
DA:29,4
LF:17
LH:3
BRDA:2,0,0,0
BRDA:2,0,1,0
BRDA:5,1,0,0
BRDA:5,1,1,0
BRDA:8,2,0,0
BRDA:8,2,1,0
BRDA:11,3,0,0
BRDA:11,3,1,0
BRDA:11,4,0,0
BRDA:11,4,1,0
BRDA:11,4,2,0
BRDA:17,5,0,0
BRDA:17,5,1,0
BRDA:21,6,0,0
BRDA:21,6,1,0
BRDA:24,7,0,0
BRDA:24,7,1,0
BRDA:24,8,0,0
BRDA:24,8,1,0
BRDA:24,8,2,0
BRF:20
BRH:0
end_of_record
TN:
SF:helpers/jwt.js
FN:3,(anonymous_0)
FN:7,(anonymous_1)
FNF:2
FNH:2
FNDA:12,(anonymous_0)
FNDA:101,(anonymous_1)
DA:1,4
DA:3,4
DA:4,12
DA:7,4
DA:8,101
DA:11,4
LF:6
LH:6
BRF:0
BRH:0
end_of_record
TN:
SF:middlewere/auth.js
FN:5,(anonymous_0)
FN:29,(anonymous_1)
FN:56,(anonymous_2)
FNF:3
FNH:3
FNDA:115,(anonymous_0)
FNDA:74,(anonymous_1)
FNDA:46,(anonymous_2)
DA:2,4
DA:3,4
DA:5,4
DA:6,115
DA:7,115
DA:9,115
DA:11,101
DA:13,85
DA:15,85
DA:17,74
DA:19,74
DA:21,74
DA:23,33
DA:24,33
DA:29,4
DA:30,74
DA:32,74
DA:34,74
DA:39,74
DA:44,74
DA:46,74
DA:50,0
DA:56,4
DA:57,46
DA:58,46
DA:60,46
DA:64,0
DA:70,4
LF:28
LH:26
BRDA:9,0,0,14
BRDA:9,0,1,101
BRDA:13,1,0,0
BRDA:13,1,1,85
BRDA:13,2,0,85
BRDA:13,2,1,85
BRDA:17,3,0,0
BRDA:17,3,1,74
BRDA:44,4,0,0
BRDA:44,4,1,74
BRDA:58,5,0,0
BRDA:58,5,1,46
BRF:12
BRH:8
end_of_record
TN:
SF:middlewere/errorHandler.js
FN:3,(anonymous_0)
FNF:1
FNH:1
FNDA:128,(anonymous_0)
DA:3,4
DA:5,128
DA:6,128
DA:7,128
DA:9,61
DA:10,61
DA:11,67
DA:12,12
DA:13,12
DA:14,55
DA:15,7
DA:16,7
DA:17,48
DA:19,16
DA:20,16
DA:21,32
DA:22,14
DA:23,14
DA:24,18
DA:25,0
DA:26,0
DA:27,18
DA:28,4
DA:29,4
DA:30,14
DA:31,0
DA:32,0
DA:33,14
DA:34,0
DA:35,0
DA:36,14
DA:37,0
DA:38,0
DA:39,14
DA:40,0
DA:41,0
DA:42,14
DA:43,0
DA:44,0
DA:45,14
DA:46,2
DA:47,2
DA:48,12
DA:49,0
DA:50,0
DA:51,12
DA:52,0
DA:53,0
DA:54,12
DA:55,0
DA:56,0
DA:57,12
DA:58,0
DA:59,0
DA:60,12
DA:61,1
DA:62,1
DA:63,11
DA:64,0
DA:65,0
DA:66,11
DA:67,5
DA:68,5
DA:69,6
DA:70,0
DA:71,0
DA:72,6
DA:73,0
DA:74,0
DA:75,6
DA:76,0
DA:77,0
DA:78,6
DA:79,2
DA:80,2
DA:95,128
DA:96,128
DA:99,4
LF:78
LH:50
BRDA:7,0,0,61
BRDA:7,0,1,67
BRDA:7,1,0,128
BRDA:7,1,1,128
BRDA:11,2,0,12
BRDA:11,2,1,55
BRDA:14,3,0,7
BRDA:14,3,1,48
BRDA:17,4,0,16
BRDA:17,4,1,32
BRDA:17,5,0,48
BRDA:17,5,1,48
BRDA:21,6,0,14
BRDA:21,6,1,18
BRDA:24,7,0,0
BRDA:24,7,1,18
BRDA:27,8,0,4
BRDA:27,8,1,14
BRDA:30,9,0,0
BRDA:30,9,1,14
BRDA:33,10,0,0
BRDA:33,10,1,14
BRDA:36,11,0,0
BRDA:36,11,1,14
BRDA:39,12,0,0
BRDA:39,12,1,14
BRDA:42,13,0,0
BRDA:42,13,1,14
BRDA:45,14,0,2
BRDA:45,14,1,12
BRDA:48,15,0,0
BRDA:48,15,1,12
BRDA:51,16,0,0
BRDA:51,16,1,12
BRDA:54,17,0,0
BRDA:54,17,1,12
BRDA:57,18,0,0
BRDA:57,18,1,12
BRDA:60,19,0,1
BRDA:60,19,1,11
BRDA:63,20,0,0
BRDA:63,20,1,11
BRDA:66,21,0,5
BRDA:66,21,1,6
BRDA:69,22,0,0
BRDA:69,22,1,6
BRDA:72,23,0,0
BRDA:72,23,1,6
BRDA:75,24,0,0
BRDA:75,24,1,6
BRDA:78,25,0,2
BRDA:78,25,1,4
BRF:52
BRH:38
end_of_record
TN:
SF:middlewere/imageKit.js
FN:5,(anonymous_0)
FNF:1
FNH:1
FNDA:24,(anonymous_0)
DA:1,4
DA:2,4
DA:3,4
DA:5,4
DA:6,24
DA:7,24
DA:8,0
DA:9,0
DA:10,0
DA:11,0
DA:12,0
DA:13,0
DA:14,0
DA:21,0
DA:29,0
DA:31,24
DA:33,0
DA:37,4
LF:18
LH:8
BRDA:7,0,0,0
BRDA:7,0,1,24
BRF:2
BRH:1
end_of_record
TN:
SF:middlewere/multer.js
FNF:0
FNH:0
DA:1,4
DA:2,4
DA:3,4
DA:5,4
DA:7,4
LF:5
LH:5
BRF:0
BRH:0
end_of_record
TN:
SF:models/detailproduct.js
FN:5,(anonymous_0)
FN:12,(anonymous_1)
FNF:2
FNH:2
FNDA:4,(anonymous_0)
FNDA:4,(anonymous_1)
DA:4,4
DA:5,4
DA:14,4
DA:18,4
DA:81,4
LF:5
LH:5
BRF:0
BRH:0
end_of_record
TN:
SF:models/index.js
FN:20,(anonymous_0)
FN:23,(anonymous_1)
FN:28,(anonymous_2)
FNF:3
FNH:3
FNDA:36,(anonymous_0)
FNDA:32,(anonymous_1)
FNDA:32,(anonymous_2)
DA:3,4
DA:4,4
DA:5,4
DA:6,4
DA:7,4
DA:8,4
DA:9,4
DA:12,4
DA:13,0
DA:15,4
DA:18,4
DA:21,36
DA:24,32
DA:25,32
DA:28,4
DA:29,32
DA:30,32
DA:34,4
DA:35,4
DA:37,4
LF:20
LH:19
BRDA:7,0,0,4
BRDA:7,0,1,0
BRDA:12,1,0,0
BRDA:12,1,1,4
BRDA:21,2,0,36
BRDA:21,2,1,36
BRDA:21,2,2,32
BRDA:29,3,0,32
BRDA:29,3,1,0
BRF:9
BRH:6
end_of_record
TN:
SF:models/orderproduct.js
FN:5,(anonymous_0)
FN:12,(anonymous_1)
FNF:2
FNH:2
FNDA:4,(anonymous_0)
FNDA:4,(anonymous_1)
DA:4,4
DA:5,4
DA:14,4
DA:18,4
DA:23,4
DA:31,4
LF:6
LH:6
BRF:0
BRH:0
end_of_record
TN:
SF:models/product.js
FN:5,(anonymous_0)
FN:12,(anonymous_1)
FNF:2
FNH:2
FNDA:4,(anonymous_0)
FNDA:4,(anonymous_1)
DA:4,4
DA:5,4
DA:14,4
DA:17,4
DA:38,4
LF:5
LH:5
BRF:0
BRH:0
end_of_record
TN:
SF:models/profile.js
FN:5,(anonymous_0)
FN:12,(anonymous_1)
FNF:2
FNH:2
FNDA:4,(anonymous_0)
FNDA:4,(anonymous_1)
DA:4,4
DA:5,4
DA:14,4
DA:18,4
DA:66,4
LF:5
LH:5
BRF:0
BRH:0
end_of_record
TN:
SF:models/schedule.js
FN:5,(anonymous_0)
FN:12,(anonymous_1)
FNF:2
FNH:2
FNDA:4,(anonymous_0)
FNDA:4,(anonymous_1)
DA:4,4
DA:5,4
DA:14,4
DA:17,4
DA:28,4
LF:5
LH:5
BRF:0
BRH:0
end_of_record
TN:
SF:models/transaction.js
FN:5,(anonymous_0)
FN:12,(anonymous_1)
FNF:2
FNH:2
FNDA:4,(anonymous_0)
FNDA:4,(anonymous_1)
DA:4,4
DA:5,4
DA:16,4
DA:25,4
LF:4
LH:4
BRF:0
BRH:0
end_of_record
TN:
SF:models/user.js
FN:7,(anonymous_0)
FN:14,(anonymous_1)
FN:42,(anonymous_2)
FNF:3
FNH:3
FNDA:4,(anonymous_0)
FNDA:4,(anonymous_1)
FNDA:31,(anonymous_2)
DA:2,4
DA:6,4
DA:7,4
DA:16,4
DA:17,4
DA:20,4
DA:43,31
DA:49,4
LF:8
LH:8
BRF:0
BRH:0
end_of_record
TN:
SF:models/voucher.js
FN:5,(anonymous_0)
FN:12,(anonymous_1)
FNF:2
FNH:2
FNDA:4,(anonymous_0)
FNDA:4,(anonymous_1)
DA:4,4
DA:5,4
DA:16,4
DA:26,4
LF:4
LH:4
BRF:0
BRH:0
end_of_record
TN:
SF:routes/administrationRoutes.js
FNF:0
FNH:0
DA:1,4
DA:2,4
DA:3,4
DA:4,4
DA:7,4
DA:8,4
DA:11,4
DA:12,4
DA:14,4
LF:9
LH:9
BRF:0
BRH:0
end_of_record
TN:
SF:routes/chatProductRoutes.js
FNF:0
FNH:0
DA:1,4
DA:2,4
DA:3,4
DA:4,4
DA:5,4
DA:6,4
DA:9,4
DA:12,4
DA:17,4
LF:9
LH:9
BRF:0
BRH:0
end_of_record
TN:
SF:routes/clientRoutes.js
FNF:0
FNH:0
DA:1,4
DA:2,4
DA:3,4
DA:6,4
DA:7,4
DA:10,4
DA:12,4
DA:15,4
LF:8
LH:8
BRF:0
BRH:0
end_of_record
TN:
SF:routes/index.js
FNF:0
FNH:0
DA:1,4
DA:2,4
DA:3,4
DA:4,4
DA:5,4
DA:6,4
DA:7,4
DA:8,4
DA:9,4
DA:11,4
DA:14,4
DA:17,4
DA:20,4
DA:23,4
DA:26,4
DA:29,4
DA:32,4
DA:33,4
DA:38,4
DA:39,4
LF:20
LH:20
BRF:0
BRH:0
end_of_record
TN:
SF:routes/productRoutes.js
FNF:0
FNH:0
DA:1,4
DA:2,4
DA:3,4
DA:4,4
DA:5,4
DA:8,4
DA:9,4
DA:13,4
DA:14,4
DA:18,4
DA:19,4
DA:20,4
DA:22,4
LF:13
LH:13
BRF:0
BRH:0
end_of_record
TN:
SF:routes/skincareProductRoutes.js
FNF:0
FNH:0
DA:1,4
DA:2,4
DA:3,4
DA:6,4
DA:7,4
DA:9,4
LF:6
LH:6
BRF:0
BRH:0
end_of_record
TN:
SF:routes/transactionRoutes.js
FNF:0
FNH:0
DA:1,4
DA:2,4
DA:3,4
DA:4,4
DA:9,4
DA:12,4
DA:16,4
DA:19,4
DA:22,4
DA:26,4
DA:29,4
DA:31,4
LF:12
LH:12
BRF:0
BRH:0
end_of_record
